[23-Feb-2013 04:54:38 America/Los_Angeles] Top of notify.php
[23-Feb-2013 04:54:38 America/Los_Angeles] SECURITY ERROR: RECEIVER EMAILS DO NOT MATCH:hanzel_1297112916_biz@amantessoftware.com
[23-Feb-2013 12:11:37 America/Los_Angeles] Top of notify.php
[23-Feb-2013 12:11:39 America/Los_Angeles] GOOD: Invoice: 610
[25-Feb-2013 16:06:07 America/Los_Angeles] GOOD: Invoice: 628
[25-Feb-2013 20:33:07 America/Los_Angeles] GOOD: Invoice: 632
[26-Feb-2013 03:24:08 America/Los_Angeles] GOOD: Invoice: 634
[26-Feb-2013 04:55:42 America/Los_Angeles] GOOD: Invoice: 2324
[26-Feb-2013 05:16:49 America/Los_Angeles] GOOD: Invoice: 2325
[27-Feb-2013 02:37:32 America/Los_Angeles] GOOD: Invoice: 2329
[27-Feb-2013 02:39:52 America/Los_Angeles] GOOD: Invoice: 2330
[01-Mar-2013 00:04:33 America/Los_Angeles] GOOD: Invoice: 2340
[01-Mar-2013 00:06:27 America/Los_Angeles] GOOD: Invoice: 2341
[01-Mar-2013 00:07:48 America/Los_Angeles] GOOD: Invoice: 2343
[01-Mar-2013 00:08:39 America/Los_Angeles] GOOD: Invoice: 2342
[01-Mar-2013 00:12:33 America/Los_Angeles] GOOD: Invoice: 2344
[01-Mar-2013 00:12:46 America/Los_Angeles] GOOD: Invoice: 2346
[01-Mar-2013 00:18:56 America/Los_Angeles] GOOD: Invoice: 2348
[01-Mar-2013 00:19:32 America/Los_Angeles] GOOD: Invoice: 2347
[01-Mar-2013 00:26:40 America/Los_Angeles] GOOD: Invoice: 2349
[01-Mar-2013 00:49:00 America/Los_Angeles] GOOD: Invoice: 2350
[01-Mar-2013 01:22:51 America/Los_Angeles] GOOD: Invoice: 2351
[01-Mar-2013 02:30:39 America/Los_Angeles] GOOD: Invoice: 2352
[01-Mar-2013 02:40:36 America/Los_Angeles] GOOD: Invoice: 2353
[01-Mar-2013 05:07:49 America/Los_Angeles] GOOD: Invoice: 2354
[01-Mar-2013 05:14:09 America/Los_Angeles] GOOD: Invoice: 2355
[01-Mar-2013 05:38:39 America/Los_Angeles] GOOD: Invoice: 2356
[01-Mar-2013 06:02:25 America/Los_Angeles] GOOD: Invoice: 2358
[01-Mar-2013 06:06:18 America/Los_Angeles] GOOD: Invoice: 2359
[01-Mar-2013 06:15:38 America/Los_Angeles] GOOD: Invoice: 2360
[01-Mar-2013 06:20:13 America/Los_Angeles] GOOD: Invoice: 2361
[01-Mar-2013 06:22:48 America/Los_Angeles] GOOD: Invoice: 2362
[01-Mar-2013 06:25:13 America/Los_Angeles] GOOD: Invoice: 2363
[01-Mar-2013 06:26:21 America/Los_Angeles] GOOD: Invoice: 2365
[01-Mar-2013 06:33:03 America/Los_Angeles] GOOD: Invoice: 2366
[01-Mar-2013 06:33:45 America/Los_Angeles] GOOD: Invoice: 2367
[01-Mar-2013 06:38:58 America/Los_Angeles] GOOD: Invoice: 2364
[01-Mar-2013 06:42:00 America/Los_Angeles] GOOD: Invoice: 2369
[01-Mar-2013 06:42:24 America/Los_Angeles] GOOD: Invoice: 2368
[01-Mar-2013 06:48:38 America/Los_Angeles] GOOD: Invoice: 2370
[01-Mar-2013 06:49:49 America/Los_Angeles] GOOD: Invoice: 2371
[01-Mar-2013 06:51:30 America/Los_Angeles] GOOD: Invoice: 2373
[01-Mar-2013 06:52:24 America/Los_Angeles] GOOD: Invoice: 2372
[01-Mar-2013 06:53:01 America/Los_Angeles] GOOD: Invoice: 2377
[01-Mar-2013 06:53:59 America/Los_Angeles] GOOD: Invoice: 2378
[01-Mar-2013 06:55:47 America/Los_Angeles] GOOD: Invoice: 2376
[01-Mar-2013 06:56:12 America/Los_Angeles] GOOD: Invoice: 2374
[01-Mar-2013 06:58:01 America/Los_Angeles] GOOD: Invoice: 2380
[01-Mar-2013 06:58:07 America/Los_Angeles] GOOD: Invoice: 2381
[01-Mar-2013 06:59:00 America/Los_Angeles] GOOD: Invoice: 2379
[01-Mar-2013 06:59:14 America/Los_Angeles] GOOD: Invoice: 2382
[01-Mar-2013 07:03:46 America/Los_Angeles] GOOD: Invoice: 2384
[01-Mar-2013 07:05:22 America/Los_Angeles] GOOD: Invoice: 2383
[01-Mar-2013 07:12:58 America/Los_Angeles] GOOD: Invoice: 2387
[01-Mar-2013 07:13:53 America/Los_Angeles] GOOD: Invoice: 2386
[01-Mar-2013 07:17:59 America/Los_Angeles] GOOD: Invoice: 2388
[01-Mar-2013 07:19:00 America/Los_Angeles] GOOD: Invoice: 2389
[01-Mar-2013 07:25:56 America/Los_Angeles] GOOD: Invoice: 2391
[01-Mar-2013 07:29:16 America/Los_Angeles] GOOD: Invoice: 2392
[01-Mar-2013 07:29:58 America/Los_Angeles] GOOD: Invoice: 2394
[01-Mar-2013 07:32:27 America/Los_Angeles] GOOD: Invoice: 2357
[01-Mar-2013 07:32:31 America/Los_Angeles] GOOD: Invoice: 2396
[01-Mar-2013 07:35:10 America/Los_Angeles] GOOD: Invoice: 2395
[01-Mar-2013 07:35:44 America/Los_Angeles] GOOD: Invoice: 2397
[01-Mar-2013 07:37:14 America/Los_Angeles] GOOD: Invoice: 2400
[01-Mar-2013 07:39:30 America/Los_Angeles] GOOD: Invoice: 2401
[01-Mar-2013 07:39:45 America/Los_Angeles] GOOD: Invoice: 2403
[01-Mar-2013 07:40:04 America/Los_Angeles] GOOD: Invoice: 2404
[01-Mar-2013 07:40:36 America/Los_Angeles] GOOD: Invoice: 2399
[01-Mar-2013 07:45:39 America/Los_Angeles] GOOD: Invoice: 2402
[01-Mar-2013 07:49:38 America/Los_Angeles] GOOD: Invoice: 2406
[01-Mar-2013 07:50:28 America/Los_Angeles] GOOD: Invoice: 2405
[01-Mar-2013 07:56:25 America/Los_Angeles] GOOD: Invoice: 2407
[01-Mar-2013 07:59:16 America/Los_Angeles] GOOD: Invoice: 2408
[01-Mar-2013 08:01:53 America/Los_Angeles] GOOD: Invoice: 2412
[01-Mar-2013 08:02:20 America/Los_Angeles] GOOD: Invoice: 2409
[01-Mar-2013 08:02:25 America/Los_Angeles] GOOD: Invoice: 2411
[01-Mar-2013 08:08:04 America/Los_Angeles] GOOD: Invoice: 2415
[01-Mar-2013 08:09:32 America/Los_Angeles] GOOD: Invoice: 2414
[01-Mar-2013 08:10:21 America/Los_Angeles] GOOD: Invoice: 2416
[01-Mar-2013 08:20:39 America/Los_Angeles] GOOD: Invoice: 2418
[01-Mar-2013 08:26:24 America/Los_Angeles] GOOD: Invoice: 2419
[01-Mar-2013 08:28:25 America/Los_Angeles] GOOD: Invoice: 2420
[01-Mar-2013 08:29:42 America/Los_Angeles] GOOD: Invoice: 2422
[01-Mar-2013 08:29:51 America/Los_Angeles] GOOD: Invoice: 2424
[01-Mar-2013 08:31:48 America/Los_Angeles] GOOD: Invoice: 2423
[01-Mar-2013 08:34:54 America/Los_Angeles] GOOD: Invoice: 2425
[01-Mar-2013 08:37:16 America/Los_Angeles] GOOD: Invoice: 2427
[01-Mar-2013 08:38:56 America/Los_Angeles] GOOD: Invoice: 2429
[01-Mar-2013 08:39:18 America/Los_Angeles] GOOD: Invoice: 2430
[01-Mar-2013 08:43:23 America/Los_Angeles] GOOD: Invoice: 2431
[01-Mar-2013 08:45:02 America/Los_Angeles] GOOD: Invoice: 2432
[01-Mar-2013 08:48:19 America/Los_Angeles] GOOD: Invoice: 2436
[01-Mar-2013 08:52:17 America/Los_Angeles] GOOD: Invoice: 2438
[01-Mar-2013 08:52:49 America/Los_Angeles] GOOD: Invoice: 2437
[01-Mar-2013 08:53:08 America/Los_Angeles] GOOD: Invoice: 2439
[01-Mar-2013 08:53:54 America/Los_Angeles] GOOD: Invoice: 2440
[01-Mar-2013 08:55:08 America/Los_Angeles] GOOD: Invoice: 2441
[01-Mar-2013 09:01:59 America/Los_Angeles] GOOD: Invoice: 2443
[01-Mar-2013 09:03:58 America/Los_Angeles] GOOD: Invoice: 2444
[01-Mar-2013 09:06:33 America/Los_Angeles] GOOD: Invoice: 2445
[01-Mar-2013 09:12:27 America/Los_Angeles] GOOD: Invoice: 2446
[01-Mar-2013 09:15:09 America/Los_Angeles] GOOD: Invoice: 2449
[01-Mar-2013 09:15:38 America/Los_Angeles] GOOD: Invoice: 2450
[01-Mar-2013 09:18:51 America/Los_Angeles] GOOD: Invoice: 2451
[01-Mar-2013 09:20:06 America/Los_Angeles] GOOD: Invoice: 2447
[01-Mar-2013 09:22:03 America/Los_Angeles] GOOD: Invoice: 2453
[01-Mar-2013 09:24:12 America/Los_Angeles] GOOD: Invoice: 2454
[01-Mar-2013 09:24:44 America/Los_Angeles] GOOD: Invoice: 2455
[01-Mar-2013 09:27:21 America/Los_Angeles] GOOD: Invoice: 2456
[01-Mar-2013 09:33:25 America/Los_Angeles] GOOD: Invoice: 2457
[01-Mar-2013 09:37:36 America/Los_Angeles] GOOD: Invoice: 2460
[01-Mar-2013 09:37:38 America/Los_Angeles] GOOD: Invoice: 2461
[01-Mar-2013 09:37:52 America/Los_Angeles] GOOD: Invoice: 2458
[01-Mar-2013 09:41:02 America/Los_Angeles] GOOD: Invoice: 2463
[01-Mar-2013 09:44:43 America/Los_Angeles] GOOD: Invoice: 2462
[01-Mar-2013 09:48:34 America/Los_Angeles] GOOD: Invoice: 2464
[01-Mar-2013 09:51:41 America/Los_Angeles] GOOD: Invoice: 2465
[01-Mar-2013 09:56:08 America/Los_Angeles] GOOD: Invoice: 2459
[01-Mar-2013 09:59:30 America/Los_Angeles] GOOD: Invoice: 2467
[01-Mar-2013 10:01:03 America/Los_Angeles] GOOD: Invoice: 2469
[01-Mar-2013 10:10:14 America/Los_Angeles] GOOD: Invoice: 2472
[01-Mar-2013 10:11:22 America/Los_Angeles] GOOD: Invoice: 2471
[01-Mar-2013 10:13:48 America/Los_Angeles] GOOD: Invoice: 2470
[01-Mar-2013 10:26:41 America/Los_Angeles] GOOD: Invoice: 2476
[01-Mar-2013 10:35:56 America/Los_Angeles] GOOD: Invoice: 2474
[01-Mar-2013 10:39:30 America/Los_Angeles] GOOD: Invoice: 2479
[01-Mar-2013 10:43:48 America/Los_Angeles] GOOD: Invoice: 2480
[01-Mar-2013 11:02:56 America/Los_Angeles] GOOD: Invoice: 2482
[01-Mar-2013 11:04:11 America/Los_Angeles] GOOD: Invoice: 2483
[01-Mar-2013 11:05:06 America/Los_Angeles] GOOD: Invoice: 2484
[01-Mar-2013 11:05:51 America/Los_Angeles] GOOD: Invoice: 2485
[01-Mar-2013 11:09:48 America/Los_Angeles] GOOD: Invoice: 2487
[01-Mar-2013 11:11:08 America/Los_Angeles] GOOD: Invoice: 2488
[01-Mar-2013 11:22:45 America/Los_Angeles] GOOD: Invoice: 2490
[01-Mar-2013 11:22:51 America/Los_Angeles] GOOD: Invoice: 2489
[01-Mar-2013 11:23:25 America/Los_Angeles] GOOD: Invoice: 2486
[01-Mar-2013 11:24:13 America/Los_Angeles] GOOD: Invoice: 2492
[01-Mar-2013 11:25:12 America/Los_Angeles] GOOD: Invoice: 2491
[01-Mar-2013 11:26:20 America/Los_Angeles] GOOD: Invoice: 2493
[01-Mar-2013 11:30:32 America/Los_Angeles] GOOD: Invoice: 2495
[01-Mar-2013 11:35:38 America/Los_Angeles] GOOD: Invoice: 2498
[01-Mar-2013 11:53:54 America/Los_Angeles] GOOD: Invoice: 2501
[01-Mar-2013 11:54:07 America/Los_Angeles] GOOD: Invoice: 2500
[01-Mar-2013 12:00:30 America/Los_Angeles] GOOD: Invoice: 2502
[01-Mar-2013 12:06:33 America/Los_Angeles] GOOD: Invoice: 2504
[01-Mar-2013 12:06:43 America/Los_Angeles] GOOD: Invoice: 2503
[01-Mar-2013 12:13:14 America/Los_Angeles] GOOD: Invoice: 2505
[01-Mar-2013 12:31:33 America/Los_Angeles] GOOD: Invoice: 2507
[01-Mar-2013 12:35:17 America/Los_Angeles] GOOD: Invoice: 2508
[01-Mar-2013 12:40:43 America/Los_Angeles] GOOD: Invoice: 2509
[01-Mar-2013 12:43:12 America/Los_Angeles] GOOD: Invoice: 2510
[01-Mar-2013 12:57:02 America/Los_Angeles] GOOD: Invoice: 2512
[01-Mar-2013 12:57:29 America/Los_Angeles] GOOD: Invoice: 2513
[01-Mar-2013 13:01:41 America/Los_Angeles] GOOD: Invoice: 2514
[01-Mar-2013 13:01:59 America/Los_Angeles] GOOD: Invoice: 2496
[01-Mar-2013 13:16:39 America/Los_Angeles] GOOD: Invoice: 2517
[01-Mar-2013 13:28:36 America/Los_Angeles] GOOD: Invoice: 2518
[01-Mar-2013 13:31:52 America/Los_Angeles] GOOD: Invoice: 2520
[01-Mar-2013 13:45:41 America/Los_Angeles] GOOD: Invoice: 2522
[01-Mar-2013 14:10:07 America/Los_Angeles] GOOD: Invoice: 2525
[01-Mar-2013 14:12:37 America/Los_Angeles] GOOD: Invoice: 2527
[01-Mar-2013 14:13:38 America/Los_Angeles] GOOD: Invoice: 2526
[01-Mar-2013 14:17:40 America/Los_Angeles] GOOD: Invoice: 2530
[01-Mar-2013 14:18:32 America/Los_Angeles] GOOD: Invoice: 2532
[01-Mar-2013 14:19:15 America/Los_Angeles] GOOD: Invoice: 2531
[01-Mar-2013 14:22:18 America/Los_Angeles] GOOD: Invoice: 2534
[01-Mar-2013 14:22:34 America/Los_Angeles] GOOD: Invoice: 2536
[01-Mar-2013 14:22:48 America/Los_Angeles] GOOD: Invoice: 2533
[01-Mar-2013 14:22:53 America/Los_Angeles] GOOD: Invoice: 2535
[01-Mar-2013 14:27:44 America/Los_Angeles] GOOD: Invoice: 2537
[01-Mar-2013 14:50:52 America/Los_Angeles] GOOD: Invoice: 2539
[01-Mar-2013 15:04:10 America/Los_Angeles] GOOD: Invoice: 2541
[01-Mar-2013 15:06:02 America/Los_Angeles] GOOD: Invoice: 2542
[01-Mar-2013 15:19:59 America/Los_Angeles] GOOD: Invoice: 2543
[01-Mar-2013 15:46:52 America/Los_Angeles] GOOD: Invoice: 2545
[01-Mar-2013 15:58:16 America/Los_Angeles] GOOD: Invoice: 2549
[01-Mar-2013 16:00:18 America/Los_Angeles] GOOD: Invoice: 2550
[01-Mar-2013 16:04:57 America/Los_Angeles] GOOD: Invoice: 2551
[01-Mar-2013 16:16:33 America/Los_Angeles] GOOD: Invoice: 2553
[01-Mar-2013 16:21:39 America/Los_Angeles] GOOD: Invoice: 2554
[01-Mar-2013 16:32:22 America/Los_Angeles] GOOD: Invoice: 2556
[01-Mar-2013 16:40:45 America/Los_Angeles] GOOD: Invoice: 2557
[01-Mar-2013 16:46:49 America/Los_Angeles] GOOD: Invoice: 2558
[01-Mar-2013 16:51:40 America/Los_Angeles] GOOD: Invoice: 2559
[01-Mar-2013 16:55:40 America/Los_Angeles] GOOD: Invoice: 2561
[01-Mar-2013 16:56:54 America/Los_Angeles] GOOD: Invoice: 2562
[01-Mar-2013 17:04:32 America/Los_Angeles] GOOD: Invoice: 2563
[01-Mar-2013 17:04:55 America/Los_Angeles] GOOD: Invoice: 2560
[01-Mar-2013 17:20:12 America/Los_Angeles] GOOD: Invoice: 2564
[01-Mar-2013 17:38:57 America/Los_Angeles] GOOD: Invoice: 2565
[01-Mar-2013 17:51:49 America/Los_Angeles] GOOD: Invoice: 2566
[01-Mar-2013 18:13:01 America/Los_Angeles] GOOD: Invoice: 2567
[01-Mar-2013 18:18:24 America/Los_Angeles] GOOD: Invoice: 2568
[01-Mar-2013 18:46:17 America/Los_Angeles] GOOD: Invoice: 2571
[01-Mar-2013 20:05:16 America/Los_Angeles] GOOD: Invoice: 2576
[01-Mar-2013 20:05:48 America/Los_Angeles] GOOD: Invoice: 2577
[01-Mar-2013 20:09:22 America/Los_Angeles] GOOD: Invoice: 2578
[01-Mar-2013 20:42:58 America/Los_Angeles] GOOD: Invoice: 2580
[01-Mar-2013 20:54:16 America/Los_Angeles] GOOD: Invoice: 2582
[01-Mar-2013 21:04:35 America/Los_Angeles] GOOD: Invoice: 2583
[01-Mar-2013 21:15:04 America/Los_Angeles] GOOD: Invoice: 2585
[01-Mar-2013 21:16:25 America/Los_Angeles] GOOD: Invoice: 2584
[01-Mar-2013 21:42:42 America/Los_Angeles] GOOD: Invoice: 2586
[01-Mar-2013 22:10:08 America/Los_Angeles] GOOD: Invoice: 2588
[01-Mar-2013 22:15:02 America/Los_Angeles] GOOD: Invoice: 2589
[01-Mar-2013 22:26:37 America/Los_Angeles] GOOD: Invoice: 2590
[01-Mar-2013 23:07:35 America/Los_Angeles] GOOD: Invoice: 2592
[01-Mar-2013 23:16:23 America/Los_Angeles] GOOD: Invoice: 2593
[01-Mar-2013 23:38:54 America/Los_Angeles] GOOD: Invoice: 2594
[02-Mar-2013 04:57:16 America/Los_Angeles] GOOD: Invoice: 2598
[02-Mar-2013 07:26:23 America/Los_Angeles] GOOD: Invoice: 2599
[02-Mar-2013 07:37:05 America/Los_Angeles] GOOD: Invoice: 2392
[02-Mar-2013 07:38:09 America/Los_Angeles] GOOD: Invoice: 2600
[02-Mar-2013 07:45:14 America/Los_Angeles] GOOD: Invoice: 2601
[02-Mar-2013 08:34:36 America/Los_Angeles] GOOD: Invoice: 2606
[02-Mar-2013 08:41:42 America/Los_Angeles] GOOD: Invoice: 2607
[02-Mar-2013 09:20:37 America/Los_Angeles] GOOD: Invoice: 2609
[02-Mar-2013 09:58:10 America/Los_Angeles] GOOD: Invoice: 2461
[02-Mar-2013 10:01:27 America/Los_Angeles] GOOD: Invoice: 2604
[02-Mar-2013 10:06:28 America/Los_Angeles] GOOD: Invoice: 2611
[02-Mar-2013 10:13:33 America/Los_Angeles] GOOD: Invoice: 2469
[02-Mar-2013 10:32:45 America/Los_Angeles] GOOD: Invoice: 2613
[02-Mar-2013 11:37:14 America/Los_Angeles] GOOD: Invoice: 2492
[02-Mar-2013 11:39:42 America/Los_Angeles] GOOD: Invoice: 2614
[02-Mar-2013 12:11:01 America/Los_Angeles] GOOD: Invoice: 2616
[02-Mar-2013 12:53:23 America/Los_Angeles] GOOD: Invoice: 2617
[02-Mar-2013 13:08:04 America/Los_Angeles] GOOD: Invoice: 2618
[02-Mar-2013 13:14:20 America/Los_Angeles] GOOD: Invoice: 2620
[02-Mar-2013 13:19:46 America/Los_Angeles] GOOD: Invoice: 2622
[02-Mar-2013 14:27:33 America/Los_Angeles] GOOD: Invoice: 2527
[02-Mar-2013 14:34:15 America/Los_Angeles] GOOD: Invoice: 2535
[02-Mar-2013 14:34:23 America/Los_Angeles] GOOD: Invoice: 2534
[02-Mar-2013 14:55:23 America/Los_Angeles] GOOD: Invoice: 2625
[02-Mar-2013 15:37:49 America/Los_Angeles] GOOD: Invoice: 2626
[02-Mar-2013 15:51:34 America/Los_Angeles] GOOD: Invoice: 2627
[02-Mar-2013 15:51:43 America/Los_Angeles] GOOD: Invoice: 2628
[02-Mar-2013 15:59:50 America/Los_Angeles] GOOD: Invoice: 2629
[02-Mar-2013 16:22:08 America/Los_Angeles] GOOD: Invoice: 2631
[02-Mar-2013 16:52:17 America/Los_Angeles] GOOD: Invoice: 2634
[02-Mar-2013 17:16:33 America/Los_Angeles] GOOD: Invoice: 2635
[02-Mar-2013 17:40:40 America/Los_Angeles] GOOD: Invoice: 2636
[02-Mar-2013 18:10:23 America/Los_Angeles] GOOD: Invoice: 2638
[02-Mar-2013 19:05:01 America/Los_Angeles] GOOD: Invoice: 2639
[02-Mar-2013 19:17:06 America/Los_Angeles] GOOD: Invoice: 2640
[02-Mar-2013 19:48:14 America/Los_Angeles] GOOD: Invoice: 2641
[02-Mar-2013 20:11:11 America/Los_Angeles] GOOD: Invoice: 2642
[02-Mar-2013 22:17:36 America/Los_Angeles] GOOD: Invoice: 2643
[02-Mar-2013 22:56:48 America/Los_Angeles] GOOD: Invoice: 2644
[02-Mar-2013 23:35:44 America/Los_Angeles] GOOD: Invoice: 2645
[03-Mar-2013 05:31:04 America/Los_Angeles] GOOD: Invoice: 2646
[03-Mar-2013 08:55:14 America/Los_Angeles] GOOD: Invoice: 2607
[03-Mar-2013 09:29:34 America/Los_Angeles] GOOD: Invoice: 2647
[03-Mar-2013 09:31:52 America/Los_Angeles] GOOD: Invoice: 2648
[03-Mar-2013 09:41:03 America/Los_Angeles] GOOD: Invoice: 2649
[03-Mar-2013 09:43:02 America/Los_Angeles] GOOD: Invoice: 2650
[03-Mar-2013 09:51:35 America/Los_Angeles] GOOD: Invoice: 2651
[03-Mar-2013 09:54:51 America/Los_Angeles] GOOD: Invoice: 2652
[03-Mar-2013 11:16:28 America/Los_Angeles] GOOD: Invoice: 2653
[03-Mar-2013 11:46:39 America/Los_Angeles] GOOD: Invoice: 2614
[03-Mar-2013 13:52:30 America/Los_Angeles] GOOD: Invoice: 2656
[03-Mar-2013 14:05:32 America/Los_Angeles] GOOD: Invoice: 2657
[03-Mar-2013 15:16:58 America/Los_Angeles] GOOD: Invoice: 2658
[03-Mar-2013 15:35:26 America/Los_Angeles] GOOD: Invoice: 2659
[03-Mar-2013 15:38:33 America/Los_Angeles] GOOD: Invoice: 2660
[03-Mar-2013 16:58:53 America/Los_Angeles] GOOD: Invoice: 2665
[03-Mar-2013 17:58:04 America/Los_Angeles] GOOD: Invoice: 2666
[03-Mar-2013 18:00:06 America/Los_Angeles] GOOD: Invoice: 2667
[03-Mar-2013 18:27:23 America/Los_Angeles] GOOD: Invoice: 2668
[03-Mar-2013 18:43:38 America/Los_Angeles] GOOD: Invoice: 2669
[03-Mar-2013 19:41:46 America/Los_Angeles] GOOD: Invoice: 2670
[03-Mar-2013 19:46:06 America/Los_Angeles] GOOD: Invoice: 2671
[03-Mar-2013 20:13:19 America/Los_Angeles] GOOD: Invoice: 2672
[03-Mar-2013 20:36:27 America/Los_Angeles] GOOD: Invoice: 2673
[03-Mar-2013 20:37:01 America/Los_Angeles] GOOD: Invoice: 2674
[03-Mar-2013 20:44:36 America/Los_Angeles] GOOD: Invoice: 2677
[03-Mar-2013 20:46:11 America/Los_Angeles] GOOD: Invoice: 2676
[03-Mar-2013 21:15:46 America/Los_Angeles] GOOD: Invoice: 2678
[03-Mar-2013 21:33:01 America/Los_Angeles] GOOD: Invoice: 2680
[03-Mar-2013 21:34:42 America/Los_Angeles] GOOD: Invoice: 2679
[03-Mar-2013 22:05:46 America/Los_Angeles] GOOD: Invoice: 2681
[03-Mar-2013 22:28:34 America/Los_Angeles] GOOD: Invoice: 2682
[03-Mar-2013 22:29:57 America/Los_Angeles] GOOD: Invoice: 2683
[03-Mar-2013 22:45:47 America/Los_Angeles] GOOD: Invoice: 2685
[03-Mar-2013 23:35:26 America/Los_Angeles] GOOD: Invoice: 2686
[03-Mar-2013 23:53:48 America/Los_Angeles] GOOD: Invoice: 2687
[04-Mar-2013 05:41:10 America/Los_Angeles] GOOD: Invoice: 2646
[04-Mar-2013 10:02:10 America/Los_Angeles] GOOD: Invoice: 2652
[04-Mar-2013 11:16:16 America/Los_Angeles] GOOD: Invoice: 2692
[04-Mar-2013 11:17:09 America/Los_Angeles] GOOD: Invoice: 2691
[04-Mar-2013 11:24:47 America/Los_Angeles] GOOD: Invoice: 2693
[04-Mar-2013 11:26:24 America/Los_Angeles] GOOD: Invoice: 2694
[04-Mar-2013 11:42:23 America/Los_Angeles] GOOD: Invoice: 2695
[04-Mar-2013 12:16:14 America/Los_Angeles] GOOD: Invoice: 2698
[04-Mar-2013 12:19:06 America/Los_Angeles] GOOD: Invoice: 2697
[04-Mar-2013 12:49:50 America/Los_Angeles] GOOD: Invoice: 2701
[04-Mar-2013 14:21:45 America/Los_Angeles] GOOD: Invoice: 2702
[04-Mar-2013 16:20:45 America/Los_Angeles] GOOD: Invoice: 2703
[04-Mar-2013 17:18:56 America/Los_Angeles] GOOD: Invoice: 2704
[04-Mar-2013 18:02:41 America/Los_Angeles] GOOD: Invoice: 2705
[04-Mar-2013 19:05:14 America/Los_Angeles] GOOD: Invoice: 2707
[04-Mar-2013 19:12:24 America/Los_Angeles] GOOD: Invoice: 2708
[04-Mar-2013 20:10:11 America/Los_Angeles] GOOD: Invoice: 2710
[04-Mar-2013 20:52:22 America/Los_Angeles] GOOD: Invoice: 2711
[04-Mar-2013 21:10:13 America/Los_Angeles] GOOD: Invoice: 2712
[04-Mar-2013 21:48:36 America/Los_Angeles] GOOD: Invoice: 2714
[04-Mar-2013 22:07:52 America/Los_Angeles] GOOD: Invoice: 2715
[04-Mar-2013 22:33:53 America/Los_Angeles] GOOD: Invoice: 2716
[04-Mar-2013 23:29:59 America/Los_Angeles] GOOD: Invoice: 2717
[05-Mar-2013 09:43:44 America/Los_Angeles] GOOD: Invoice: 2721
[05-Mar-2013 09:44:52 America/Los_Angeles] GOOD: Invoice: 2720
[05-Mar-2013 10:06:04 America/Los_Angeles] GOOD: Invoice: 2722
[05-Mar-2013 10:17:04 America/Los_Angeles] GOOD: Invoice: 2723
[05-Mar-2013 10:25:08 America/Los_Angeles] GOOD: Invoice: 2724
[05-Mar-2013 10:26:40 America/Los_Angeles] GOOD: Invoice: 2725
[05-Mar-2013 10:30:59 America/Los_Angeles] GOOD: Invoice: 2726
[05-Mar-2013 13:15:37 America/Los_Angeles] GOOD: Invoice: 2730
[05-Mar-2013 13:20:34 America/Los_Angeles] GOOD: Invoice: 2729
[05-Mar-2013 15:04:12 America/Los_Angeles] GOOD: Invoice: 2733
[05-Mar-2013 16:10:24 America/Los_Angeles] GOOD: Invoice: 2734
[05-Mar-2013 17:24:24 America/Los_Angeles] GOOD: Invoice: 2736
[05-Mar-2013 17:42:51 America/Los_Angeles] GOOD: Invoice: 2737
[05-Mar-2013 19:34:26 America/Los_Angeles] GOOD: Invoice: 2739
[05-Mar-2013 20:50:53 America/Los_Angeles] GOOD: Invoice: 2740
[05-Mar-2013 21:04:40 America/Los_Angeles] GOOD: Invoice: 2741
[05-Mar-2013 21:20:45 America/Los_Angeles] GOOD: Invoice: 2742
[06-Mar-2013 10:50:14 America/Los_Angeles] GOOD: Invoice: 2745
[06-Mar-2013 10:50:26 America/Los_Angeles] GOOD: Invoice: 2726
[06-Mar-2013 11:10:39 America/Los_Angeles] GOOD: Invoice: 2746
[06-Mar-2013 11:26:30 America/Los_Angeles] GOOD: Invoice: 2747
[06-Mar-2013 12:14:40 America/Los_Angeles] GOOD: Invoice: 2748
[06-Mar-2013 13:31:47 America/Los_Angeles] GOOD: Invoice: 2750
[06-Mar-2013 14:48:35 America/Los_Angeles] GOOD: Invoice: 2751
[06-Mar-2013 17:27:46 America/Los_Angeles] GOOD: Invoice: 2754
[06-Mar-2013 17:53:39 America/Los_Angeles] GOOD: Invoice: 2755
[06-Mar-2013 20:58:21 America/Los_Angeles] GOOD: Invoice: 2756
[06-Mar-2013 22:18:12 America/Los_Angeles] GOOD: Invoice: 2758
[07-Mar-2013 09:37:02 America/Los_Angeles] GOOD: Invoice: 2760
[07-Mar-2013 10:49:27 America/Los_Angeles] GOOD: Invoice: 2761
[07-Mar-2013 11:43:36 America/Los_Angeles] GOOD: Invoice: 2763
[07-Mar-2013 14:41:14 America/Los_Angeles] GOOD: Invoice: 2764
[07-Mar-2013 14:59:02 America/Los_Angeles] GOOD: Invoice: 2765
[07-Mar-2013 18:39:13 America/Los_Angeles] GOOD: Invoice: 2766
[07-Mar-2013 19:31:20 America/Los_Angeles] GOOD: Invoice: 2767
[07-Mar-2013 19:46:40 America/Los_Angeles] GOOD: Invoice: 2768
[07-Mar-2013 21:59:05 America/Los_Angeles] GOOD: Invoice: 2769
[07-Mar-2013 23:57:31 America/Los_Angeles] GOOD: Invoice: 2770
[08-Mar-2013 10:25:49 America/Los_Angeles] GOOD: Invoice: 2771
[08-Mar-2013 11:05:41 America/Los_Angeles] GOOD: Invoice: 2773
[08-Mar-2013 11:41:49 America/Los_Angeles] GOOD: Invoice: 2774
[08-Mar-2013 11:59:10 America/Los_Angeles] GOOD: Invoice: 2776
[08-Mar-2013 12:25:27 America/Los_Angeles] GOOD: Invoice: 2778
[08-Mar-2013 12:43:55 America/Los_Angeles] GOOD: Invoice: 2779
[08-Mar-2013 13:01:39 America/Los_Angeles] GOOD: Invoice: 2780
[08-Mar-2013 15:08:31 America/Los_Angeles] GOOD: Invoice: 2782
[08-Mar-2013 15:09:23 America/Los_Angeles] GOOD: Invoice: 2781
[08-Mar-2013 15:44:34 America/Los_Angeles] GOOD: Invoice: 2783
[08-Mar-2013 16:05:54 America/Los_Angeles] GOOD: Invoice: 2784
[08-Mar-2013 16:33:54 America/Los_Angeles] GOOD: Invoice: 2785
[08-Mar-2013 17:56:28 America/Los_Angeles] GOOD: Invoice: 2786
[09-Mar-2013 09:12:18 America/Los_Angeles] GOOD: Invoice: 2789
[09-Mar-2013 09:15:39 America/Los_Angeles] GOOD: Invoice: 2788
[09-Mar-2013 10:06:21 America/Los_Angeles] GOOD: Invoice: 2791
[09-Mar-2013 10:42:21 America/Los_Angeles] GOOD: Invoice: 2792
[09-Mar-2013 15:19:45 America/Los_Angeles] GOOD: Invoice: 2782
[10-Mar-2013 10:32:36 America/Los_Angeles] GOOD: Invoice: 2796
[10-Mar-2013 11:10:36 America/Los_Angeles] GOOD: Invoice: 2797
[10-Mar-2013 12:41:03 America/Los_Angeles] GOOD: Invoice: 2800
[10-Mar-2013 12:53:03 America/Los_Angeles] GOOD: Invoice: 2801
[10-Mar-2013 13:59:48 America/Los_Angeles] GOOD: Invoice: 2803
[10-Mar-2013 14:01:41 America/Los_Angeles] GOOD: Invoice: 2804
[10-Mar-2013 15:03:01 America/Los_Angeles] GOOD: Invoice: 2806
[10-Mar-2013 16:15:24 America/Los_Angeles] GOOD: Invoice: 2807
[10-Mar-2013 20:57:30 America/Los_Angeles] GOOD: Invoice: 2808
[10-Mar-2013 21:09:20 America/Los_Angeles] GOOD: Invoice: 2809
[10-Mar-2013 21:15:21 America/Los_Angeles] GOOD: Invoice: 2811
[10-Mar-2013 22:03:25 America/Los_Angeles] GOOD: Invoice: 2814
[10-Mar-2013 22:57:47 America/Los_Angeles] GOOD: Invoice: 2816
[11-Mar-2013 00:40:11 America/Los_Angeles] GOOD: Invoice: 2817
[11-Mar-2013 11:21:12 America/Los_Angeles] GOOD: Invoice: 2818
[11-Mar-2013 12:35:29 America/Los_Angeles] GOOD: Invoice: 2819
[11-Mar-2013 12:56:32 America/Los_Angeles] GOOD: Invoice: 2820
[11-Mar-2013 13:08:46 America/Los_Angeles] GOOD: Invoice: 2821
[11-Mar-2013 16:38:05 America/Los_Angeles] GOOD: Invoice: 2822
[11-Mar-2013 17:33:52 America/Los_Angeles] GOOD: Invoice: 2823
[11-Mar-2013 20:52:10 America/Los_Angeles] GOOD: Invoice: 2827
[11-Mar-2013 20:53:34 America/Los_Angeles] GOOD: Invoice: 2826
[11-Mar-2013 21:49:45 America/Los_Angeles] GOOD: Invoice: 2829
[11-Mar-2013 21:51:44 America/Los_Angeles] GOOD: Invoice: 2830
[12-Mar-2013 10:13:29 America/Los_Angeles] GOOD: Invoice: 2833
[12-Mar-2013 13:55:06 America/Los_Angeles] GOOD: Invoice: 2834
[12-Mar-2013 19:32:46 America/Los_Angeles] GOOD: Invoice: 2838
[12-Mar-2013 20:43:34 America/Los_Angeles] GOOD: Invoice: 2839
[12-Mar-2013 20:50:01 America/Los_Angeles] GOOD: Invoice: 2840
[12-Mar-2013 21:44:15 America/Los_Angeles] GOOD: Invoice: 2842
[12-Mar-2013 21:51:36 America/Los_Angeles] GOOD: Invoice: 2843
[12-Mar-2013 23:19:23 America/Los_Angeles] GOOD: Invoice: 2845
[13-Mar-2013 08:41:06 America/Los_Angeles] GOOD: Invoice: 2847
[13-Mar-2013 13:04:42 America/Los_Angeles] GOOD: Invoice: 2363
[13-Mar-2013 13:06:11 America/Los_Angeles] GOOD: Invoice: 2441
[13-Mar-2013 13:08:01 America/Los_Angeles] GOOD: Invoice: 2449
[13-Mar-2013 13:10:00 America/Los_Angeles] GOOD: Invoice: 2492
[13-Mar-2013 13:11:45 America/Los_Angeles] GOOD: Invoice: 2583
[13-Mar-2013 13:12:48 America/Los_Angeles] GOOD: Invoice: 2589
[13-Mar-2013 13:15:06 America/Los_Angeles] GOOD: Invoice: 2645
[13-Mar-2013 13:17:05 America/Los_Angeles] GOOD: Invoice: 2814
[13-Mar-2013 14:06:39 America/Los_Angeles] GOOD: Invoice: 2838
[13-Mar-2013 15:50:33 America/Los_Angeles] GOOD: Invoice: 2849
[13-Mar-2013 16:09:32 America/Los_Angeles] GOOD: Invoice: 2850
[13-Mar-2013 18:14:03 America/Los_Angeles] GOOD: Invoice: 2855
[13-Mar-2013 21:04:35 America/Los_Angeles] GOOD: Invoice: 2856
[13-Mar-2013 22:34:30 America/Los_Angeles] GOOD: Invoice: 2857
[14-Mar-2013 09:16:18 America/Los_Angeles] GOOD: Invoice: 2858
[14-Mar-2013 09:29:45 America/Los_Angeles] GOOD: Invoice: 2860
[14-Mar-2013 11:31:06 America/Los_Angeles] GOOD: Invoice: 2861
[14-Mar-2013 11:52:37 America/Los_Angeles] GOOD: Invoice: 2862
[14-Mar-2013 14:28:27 America/Los_Angeles] GOOD: Invoice: 2864
[14-Mar-2013 16:57:29 America/Los_Angeles] GOOD: Invoice: 2865
[14-Mar-2013 20:24:12 America/Los_Angeles] GOOD: Invoice: 2869
[14-Mar-2013 21:13:58 America/Los_Angeles] GOOD: Invoice: 2856
[14-Mar-2013 21:40:46 America/Los_Angeles] GOOD: Invoice: 2870
[15-Mar-2013 03:02:10 America/Los_Angeles] GOOD: Invoice: 2871
[15-Mar-2013 07:19:26 America/Los_Angeles] GOOD: Invoice: 2872
[15-Mar-2013 10:12:02 America/Los_Angeles] GOOD: Invoice: 2873
[15-Mar-2013 11:05:18 America/Los_Angeles] GOOD: Invoice: 2874
[15-Mar-2013 11:43:05 America/Los_Angeles] GOOD: Invoice: 2875
[16-Mar-2013 15:49:34 America/Los_Angeles] GOOD: Invoice: 2882
[16-Mar-2013 16:08:36 America/Los_Angeles] GOOD: Invoice: 2883
[17-Mar-2013 13:42:44 America/Los_Angeles] GOOD: Invoice: 2884
[17-Mar-2013 16:26:28 America/Los_Angeles] GOOD: Invoice: 2885
[17-Mar-2013 16:29:15 America/Los_Angeles] GOOD: Invoice: 2886
[17-Mar-2013 16:35:34 America/Los_Angeles] GOOD: Invoice: 2887
[17-Mar-2013 20:12:06 America/Los_Angeles] GOOD: Invoice: 2888
[17-Mar-2013 21:22:36 America/Los_Angeles] GOOD: Invoice: 2891
[17-Mar-2013 21:24:16 America/Los_Angeles] GOOD: Invoice: 2890
[17-Mar-2013 21:49:59 America/Los_Angeles] GOOD: Invoice: 2892
[18-Mar-2013 12:25:05 America/Los_Angeles] GOOD: Invoice: 2894
[18-Mar-2013 13:00:35 America/Los_Angeles] GOOD: Invoice: 2895
[18-Mar-2013 20:16:22 America/Los_Angeles] GOOD: Invoice: 2898
[18-Mar-2013 21:44:20 America/Los_Angeles] GOOD: Invoice: 2900
[18-Mar-2013 23:07:11 America/Los_Angeles] GOOD: Invoice: 2901
[19-Mar-2013 02:22:13 America/Los_Angeles] GOOD: Invoice: 2902
[19-Mar-2013 08:45:56 America/Los_Angeles] GOOD: Invoice: 2903
[19-Mar-2013 10:45:44 America/Los_Angeles] GOOD: Invoice: 2905
[19-Mar-2013 14:42:31 America/Los_Angeles] GOOD: Invoice: 2906
[19-Mar-2013 20:23:11 America/Los_Angeles] GOOD: Invoice: 2898
[20-Mar-2013 09:24:22 America/Los_Angeles] GOOD: Invoice: 2882
[20-Mar-2013 10:55:59 America/Los_Angeles] GOOD: Invoice: 2908
[20-Mar-2013 13:04:37 America/Los_Angeles] GOOD: Invoice: 2909
[20-Mar-2013 14:53:32 America/Los_Angeles] GOOD: Invoice: 2906
[20-Mar-2013 18:07:10 America/Los_Angeles] GOOD: Invoice: 2910
[20-Mar-2013 19:06:23 America/Los_Angeles] GOOD: Invoice: 2911
[20-Mar-2013 20:27:27 America/Los_Angeles] GOOD: Invoice: 2912
[20-Mar-2013 21:47:48 America/Los_Angeles] GOOD: Invoice: 2913
[21-Mar-2013 10:00:09 America/Los_Angeles] GOOD: Invoice: 2914
[21-Mar-2013 10:39:37 America/Los_Angeles] GOOD: Invoice: 2915
[21-Mar-2013 11:21:40 America/Los_Angeles] GOOD: Invoice: 2916
[21-Mar-2013 12:45:13 America/Los_Angeles] GOOD: Invoice: 2917
[21-Mar-2013 17:34:40 America/Los_Angeles] GOOD: Invoice: 2920
[21-Mar-2013 17:43:08 America/Los_Angeles] GOOD: Invoice: 2921
[22-Mar-2013 15:53:43 America/Los_Angeles] GOOD: Invoice: 2923
[22-Mar-2013 22:26:14 America/Los_Angeles] GOOD: Invoice: 2925
[23-Mar-2013 09:47:47 America/Los_Angeles] GOOD: Invoice: 2926
[23-Mar-2013 17:06:13 America/Los_Angeles] GOOD: Invoice: 2927
[23-Mar-2013 22:49:40 America/Los_Angeles] GOOD: Invoice: 2928
[24-Mar-2013 09:32:13 America/Los_Angeles] GOOD: Invoice: 2929
[24-Mar-2013 09:47:11 America/Los_Angeles] GOOD: Invoice: 2930
[25-Mar-2013 12:09:33 America/Los_Angeles] GOOD: Invoice: 2937
[25-Mar-2013 21:39:29 America/Los_Angeles] GOOD: Invoice: 2938
[25-Mar-2013 23:27:11 America/Los_Angeles] GOOD: Invoice: 2939
[26-Mar-2013 09:33:43 America/Los_Angeles] GOOD: Invoice: 2940
[26-Mar-2013 12:04:57 America/Los_Angeles] GOOD: Invoice: 2941
[26-Mar-2013 15:07:32 America/Los_Angeles] GOOD: Invoice: 2942
[26-Mar-2013 16:29:17 America/Los_Angeles] GOOD: Invoice: 2944
[26-Mar-2013 18:08:20 America/Los_Angeles] GOOD: Invoice: 2946
[26-Mar-2013 19:10:42 America/Los_Angeles] GOOD: Invoice: 2947
[26-Mar-2013 19:25:39 America/Los_Angeles] GOOD: Invoice: 2948
[26-Mar-2013 22:45:24 America/Los_Angeles] GOOD: Invoice: 2949
[26-Mar-2013 23:48:55 America/Los_Angeles] GOOD: Invoice: 2534
[27-Mar-2013 00:26:45 America/Los_Angeles] GOOD: Invoice: 2950
[27-Mar-2013 08:08:24 America/Los_Angeles] GOOD: Invoice: 2951
[27-Mar-2013 10:21:50 America/Los_Angeles] GOOD: Invoice: 2952
[27-Mar-2013 15:09:07 America/Los_Angeles] GOOD: Invoice: 2953
[27-Mar-2013 22:12:26 America/Los_Angeles] GOOD: Invoice: 2954
[28-Mar-2013 10:55:26 America/Los_Angeles] GOOD: Invoice: 2955
[28-Mar-2013 14:55:50 America/Los_Angeles] GOOD: Invoice: 2956
[28-Mar-2013 18:47:13 America/Los_Angeles] GOOD: Invoice: 2957
[29-Mar-2013 11:36:46 America/Los_Angeles] GOOD: Invoice: 2958
[29-Mar-2013 16:27:33 America/Los_Angeles] GOOD: Invoice: 2960
[29-Mar-2013 16:58:39 America/Los_Angeles] GOOD: Invoice: 2961
[29-Mar-2013 22:12:32 America/Los_Angeles] GOOD: Invoice: 2963
[29-Mar-2013 23:50:55 America/Los_Angeles] GOOD: Invoice: 2965
[30-Mar-2013 00:11:37 America/Los_Angeles] GOOD: Invoice: 2966
[30-Mar-2013 16:35:21 America/Los_Angeles] GOOD: Invoice: 2960
[30-Mar-2013 19:10:33 America/Los_Angeles] GOOD: Invoice: 2968
[30-Mar-2013 21:53:04 America/Los_Angeles] GOOD: Invoice: 2969
[30-Mar-2013 22:04:13 America/Los_Angeles] GOOD: Invoice: 2970
[30-Mar-2013 23:22:03 America/Los_Angeles] GOOD: Invoice: 2972
[31-Mar-2013 11:18:04 America/Los_Angeles] GOOD: Invoice: 2973
[31-Mar-2013 12:58:55 America/Los_Angeles] GOOD: Invoice: 2974
[31-Mar-2013 13:57:33 America/Los_Angeles] GOOD: Invoice: 2975
[31-Mar-2013 17:31:35 America/Los_Angeles] GOOD: Invoice: 2977
[31-Mar-2013 19:04:32 America/Los_Angeles] GOOD: Invoice: 2978
[31-Mar-2013 20:22:13 America/Los_Angeles] GOOD: Invoice: 2979
[31-Mar-2013 21:37:56 America/Los_Angeles] GOOD: Invoice: 2980
[31-Mar-2013 23:05:08 America/Los_Angeles] GOOD: Invoice: 2981
[01-Apr-2013 00:15:44 America/Los_Angeles] GOOD: Invoice: 2982
[01-Apr-2013 17:40:18 America/Los_Angeles] GOOD: Invoice: 2977
[02-Apr-2013 00:18:40 America/Los_Angeles] GOOD: Invoice: 2982
[03-Apr-2013 08:20:59 America/Los_Angeles] GOOD: Invoice: 2963
[04-Apr-2013 00:34:48 America/Los_Angeles] GOOD: Invoice: 2984
[04-Apr-2013 00:38:39 America/Los_Angeles] GOOD: Invoice: 2986
[04-Apr-2013 08:51:51 America/Los_Angeles] GOOD: Invoice: 2987
[07-Apr-2013 20:31:31 America/Los_Angeles] GOOD: Invoice: 2988
[08-Apr-2013 16:45:50 America/Los_Angeles] GOOD: Invoice: 2987
[08-Apr-2013 16:48:04 America/Los_Angeles] GOOD: Invoice: 2982
[08-Apr-2013 17:03:16 America/Los_Angeles] GOOD: Invoice: 2942
[08-Apr-2013 17:11:07 America/Los_Angeles] GOOD: Invoice: 2891
[08-Apr-2013 17:23:09 America/Los_Angeles] GOOD: Invoice: 2989
[10-Apr-2013 15:46:52 America/Los_Angeles] GOOD: Invoice: 2952
[11-Apr-2013 19:38:22 America/Los_Angeles] GOOD: Invoice: 2765
[11-Apr-2013 19:41:28 America/Los_Angeles] GOOD: Invoice: 2726
[11-Apr-2013 19:46:29 America/Los_Angeles] GOOD: Invoice: 2708
[11-Apr-2013 19:48:16 America/Los_Angeles] GOOD: Invoice: 2712
[11-Apr-2013 19:50:52 America/Los_Angeles] GOOD: Invoice: 2454
[11-Apr-2013 19:57:58 America/Los_Angeles] GOOD: Invoice: 2492
[11-Apr-2013 20:01:43 America/Los_Angeles] GOOD: Invoice: 2652
[11-Apr-2013 20:10:30 America/Los_Angeles] GOOD: Invoice: 2692
[11-Apr-2013 20:18:45 America/Los_Angeles] GOOD: Invoice: 2858
[11-Apr-2013 20:21:21 America/Los_Angeles] GOOD: Invoice: 2884
[11-Apr-2013 20:24:25 America/Los_Angeles] GOOD: Invoice: 2989
[11-Apr-2013 20:25:57 America/Los_Angeles] GOOD: Invoice: 2988
[14-Apr-2013 23:04:36 America/Los_Angeles] GOOD: Invoice: 2957
[14-Apr-2013 23:08:25 America/Los_Angeles] GOOD: Invoice: 2784
[16-Apr-2013 09:45:58 America/Los_Angeles] GOOD: Invoice: 2992
[16-Apr-2013 20:26:06 America/Los_Angeles] GOOD: Invoice: 2992
[16-Apr-2013 20:33:01 America/Los_Angeles] GOOD: Invoice: 2496
[16-Apr-2013 20:35:49 America/Los_Angeles] GOOD: Invoice: 2532
[23-Apr-2013 12:20:43 America/Los_Angeles] GOOD: Invoice: 2996
[24-Apr-2013 22:25:50 America/Los_Angeles] GOOD: Invoice: 2785
[25-Apr-2013 19:05:01 America/Los_Angeles] GOOD: Invoice: 2806
[26-Apr-2013 06:22:29 America/Los_Angeles] SECURITY ERROR: RECEIVER EMAILS DO NOT MATCH:
[26-Apr-2013 22:17:47 America/Los_Angeles] GOOD: Invoice: 2997
[27-Apr-2013 09:17:29 America/Los_Angeles] GOOD: Invoice: 2998
[27-Apr-2013 12:38:12 America/Los_Angeles] GOOD: Invoice: 2999
[29-Apr-2013 11:16:45 America/Los_Angeles] GOOD: Invoice: 2384
[29-Apr-2013 11:19:43 America/Los_Angeles] GOOD: Invoice: 2409
[29-Apr-2013 11:21:41 America/Los_Angeles] GOOD: Invoice: 2432
[29-Apr-2013 11:25:19 America/Los_Angeles] GOOD: Invoice: 2786
[29-Apr-2013 11:27:09 America/Los_Angeles] GOOD: Invoice: 2865
[29-Apr-2013 16:27:18 America/Los_Angeles] GOOD: Invoice: 3000
[29-Apr-2013 21:18:17 America/Los_Angeles] GOOD: Invoice: 3002
[29-Apr-2013 21:22:33 America/Los_Angeles] GOOD: Invoice: 3002
[29-Apr-2013 21:42:21 America/Los_Angeles] GOOD: Invoice: 3003
[30-Apr-2013 15:41:45 America/Los_Angeles] GOOD: Invoice: 3003
[07-May-2013 14:53:47 America/Los_Angeles] GOOD: Invoice: 2937
[07-May-2013 14:58:58 America/Los_Angeles] GOOD: Invoice: 2958
[07-May-2013 15:01:23 America/Los_Angeles] GOOD: Invoice: 2987
[13-May-2013 21:34:04 America/Los_Angeles] GOOD: Invoice: 2975
[20-May-2013 20:13:19 America/Los_Angeles] GOOD: Invoice: 2930
[20-May-2013 20:13:58 America/Los_Angeles] GOOD: Invoice: 2940
[20-May-2013 20:16:47 America/Los_Angeles] GOOD: Invoice: 2949
[20-May-2013 20:18:31 America/Los_Angeles] GOOD: Invoice: 2960
[20-May-2013 20:19:31 America/Los_Angeles] GOOD: Invoice: 2966
[20-May-2013 20:20:12 America/Los_Angeles] GOOD: Invoice: 2969
[14-Jun-2013 12:44:32 America/Los_Angeles] GOOD: Invoice: 3012
