[11-Feb-2011 20:37:08] No get request was submitted
[11-Feb-2011 20:37:10] GOOD: Invoice: 
[11-Feb-2011 20:47:36] GOOD: Invoice: 909
[11-Feb-2011 20:48:16] No post request was submitted
[11-Feb-2011 20:48:16] SECURITY ERROR: RECEIVER EMAILS DO NOT MATCH:
[11-Feb-2011 20:48:18] VALIDATION FAILED: Invoice: 
[11-Feb-2011 20:49:29] PHP Fatal error:  Call to undefined function  fmstudio_paypal_notify() in /home/peninsul/public_html/register/paypal/notify.php on line 16
[11-Feb-2011 20:54:07] GOOD: Invoice: 910
[11-Feb-2011 21:18:53] GOOD: Invoice: 912
[12-Feb-2011 06:00:28] PHP Fatal error:  Call to undefined method FileMaker_Error::setField() in /home/peninsul/public_html/register/PayPal_Module/paypal.php on line 232
[12-Feb-2011 06:13:58] PHP Fatal error:  Call to undefined method FileMaker_Error::setField() in /home/peninsul/public_html/register/PayPal_Module/paypal.php on line 232
[12-Feb-2011 08:37:45] GOOD: Invoice: 913
[12-Feb-2011 08:44:37] GOOD: Invoice: 912
[12-Feb-2011 08:45:43] GOOD: Invoice: 913
[12-Feb-2011 08:46:42] PHP Fatal error:  Call to undefined method FileMaker_Error::setField() in /home/peninsul/public_html/register/PayPal_Module/paypal.php on line 232
[12-Feb-2011 08:46:55] PHP Fatal error:  Call to undefined method FileMaker_Error::setField() in /home/peninsul/public_html/register/PayPal_Module/paypal.php on line 232
[12-Feb-2011 08:47:19] PHP Fatal error:  Call to undefined method FileMaker_Error::setField() in /home/peninsul/public_html/register/PayPal_Module/paypal.php on line 232
[12-Feb-2011 08:48:03] PHP Fatal error:  Call to undefined method FileMaker_Error::setField() in /home/peninsul/public_html/register/PayPal_Module/paypal.php on line 232
[12-Feb-2011 08:49:27] PHP Fatal error:  Call to undefined method FileMaker_Error::setField() in /home/peninsul/public_html/register/PayPal_Module/paypal.php on line 232
[12-Feb-2011 08:52:09] PHP Fatal error:  Call to undefined method FileMaker_Error::setField() in /home/peninsul/public_html/register/PayPal_Module/paypal.php on line 232
[12-Feb-2011 08:57:31] PHP Fatal error:  Call to undefined method FileMaker_Error::setField() in /home/peninsul/public_html/register/PayPal_Module/paypal.php on line 232
[12-Feb-2011 08:58:16] PHP Fatal error:  Call to undefined method FileMaker_Error::setField() in /home/peninsul/public_html/register/PayPal_Module/paypal.php on line 232
[12-Feb-2011 09:05:09] No post request was submitted
[12-Feb-2011 09:05:09] SECURITY ERROR: RECEIVER EMAILS DO NOT MATCH:
[12-Feb-2011 09:05:43] No post request was submitted
[12-Feb-2011 09:05:43] SECURITY ERROR: RECEIVER EMAILS DO NOT MATCH:
[12-Feb-2011 09:08:15] PHP Fatal error:  Call to undefined method FileMaker_Error::setField() in /home/peninsul/public_html/register/PayPal_Module/paypal.php on line 232
[12-Feb-2011 09:23:04] PHP Fatal error:  Call to undefined method FileMaker_Error::setField() in /home/peninsul/public_html/register/PayPal_Module/paypal.php on line 232
[12-Feb-2011 09:24:04] PHP Fatal error:  Call to undefined method FileMaker_Error::setField() in /home/peninsul/public_html/register/PayPal_Module/paypal.php on line 232
[12-Feb-2011 09:24:43] PHP Fatal error:  Call to undefined method FileMaker_Error::setField() in /home/peninsul/public_html/register/PayPal_Module/paypal.php on line 232
[12-Feb-2011 09:29:39] PHP Fatal error:  Call to undefined method FileMaker_Error::setField() in /home/peninsul/public_html/register/PayPal_Module/paypal.php on line 232
[12-Feb-2011 09:32:48] PHP Fatal error:  Call to undefined method FileMaker_Error::setField() in /home/peninsul/public_html/register/PayPal_Module/paypal.php on line 232
[12-Feb-2011 09:52:13] PHP Fatal error:  Call to undefined method FileMaker_Error::setField() in /home/peninsul/public_html/register/PayPal_Module/paypal.php on line 232
[12-Feb-2011 09:54:58] PHP Fatal error:  Call to undefined method FileMaker_Error::setField() in /home/peninsul/public_html/register/PayPal_Module/paypal.php on line 232
[12-Feb-2011 10:12:22] PHP Fatal error:  Call to undefined method FileMaker_Error::setField() in /home/peninsul/public_html/register/PayPal_Module/paypal.php on line 232
[12-Feb-2011 10:50:55] PHP Fatal error:  Call to undefined method FileMaker_Error::setField() in /home/peninsul/public_html/register/PayPal_Module/paypal.php on line 232
[12-Feb-2011 10:52:26] PHP Fatal error:  Call to undefined method FileMaker_Error::setField() in /home/peninsul/public_html/register/PayPal_Module/paypal.php on line 232
[12-Feb-2011 10:52:49] PHP Fatal error:  Call to undefined method FileMaker_Error::setField() in /home/peninsul/public_html/register/PayPal_Module/paypal.php on line 232
[12-Feb-2011 11:37:45] PHP Fatal error:  Call to undefined method FileMaker_Error::setField() in /home/peninsul/public_html/register/PayPal_Module/paypal.php on line 232
[12-Feb-2011 11:58:02] PHP Fatal error:  Call to undefined method FileMaker_Error::setField() in /home/peninsul/public_html/register/PayPal_Module/paypal.php on line 232
[12-Feb-2011 14:28:30] PHP Fatal error:  Call to undefined method FileMaker_Error::setField() in /home/peninsul/public_html/register/PayPal_Module/paypal.php on line 232
[12-Feb-2011 19:06:25] GOOD: Invoice: 918
[12-Feb-2011 20:09:53] PHP Fatal error:  Call to undefined method FileMaker_Error::setField() in /home/peninsul/public_html/register/PayPal_Module/paypal.php on line 232
[13-Feb-2011 00:00:09] GOOD: Invoice: 920
[13-Feb-2011 06:00:31] PHP Fatal error:  Call to undefined method FileMaker_Error::setField() in /home/peninsul/public_html/register/PayPal_Module/paypal.php on line 232
[13-Feb-2011 06:14:01] PHP Fatal error:  Call to undefined method FileMaker_Error::setField() in /home/peninsul/public_html/register/PayPal_Module/paypal.php on line 232
[13-Feb-2011 07:32:37] PHP Fatal error:  Call to undefined method FileMaker_Error::setField() in /home/peninsul/public_html/register/PayPal_Module/paypal.php on line 232
[13-Feb-2011 08:27:11] GOOD: Invoice: 921
[13-Feb-2011 08:58:21] PHP Fatal error:  Call to undefined method FileMaker_Error::setField() in /home/peninsul/public_html/register/PayPal_Module/paypal.php on line 232
[13-Feb-2011 09:23:08] PHP Fatal error:  Call to undefined method FileMaker_Error::setField() in /home/peninsul/public_html/register/PayPal_Module/paypal.php on line 232
[13-Feb-2011 09:24:07] PHP Fatal error:  Call to undefined method FileMaker_Error::setField() in /home/peninsul/public_html/register/PayPal_Module/paypal.php on line 232
[13-Feb-2011 09:24:47] PHP Fatal error:  Call to undefined method FileMaker_Error::setField() in /home/peninsul/public_html/register/PayPal_Module/paypal.php on line 232
[13-Feb-2011 09:32:51] PHP Fatal error:  Call to undefined method FileMaker_Error::setField() in /home/peninsul/public_html/register/PayPal_Module/paypal.php on line 232
[13-Feb-2011 09:52:17] PHP Fatal error:  Call to undefined method FileMaker_Error::setField() in /home/peninsul/public_html/register/PayPal_Module/paypal.php on line 232
[13-Feb-2011 09:55:01] PHP Fatal error:  Call to undefined method FileMaker_Error::setField() in /home/peninsul/public_html/register/PayPal_Module/paypal.php on line 232
[13-Feb-2011 10:50:59] PHP Fatal error:  Call to undefined method FileMaker_Error::setField() in /home/peninsul/public_html/register/PayPal_Module/paypal.php on line 232
[13-Feb-2011 10:52:29] PHP Fatal error:  Call to undefined method FileMaker_Error::setField() in /home/peninsul/public_html/register/PayPal_Module/paypal.php on line 232
[13-Feb-2011 10:52:51] PHP Fatal error:  Call to undefined method FileMaker_Error::setField() in /home/peninsul/public_html/register/PayPal_Module/paypal.php on line 232
[13-Feb-2011 11:58:05] PHP Fatal error:  Call to undefined method FileMaker_Error::setField() in /home/peninsul/public_html/register/PayPal_Module/paypal.php on line 232
[13-Feb-2011 14:13:09] GOOD: Invoice: 922
[16-Feb-2011 09:27:43] GOOD: Invoice: 1115
[16-Feb-2011 09:30:42] GOOD: Invoice: 1095
[16-Feb-2011 09:30:42] GOOD: Invoice: 1097
[16-Feb-2011 09:30:42] GOOD: Invoice: 1094
[16-Feb-2011 09:30:43] GOOD: Invoice: 1092
[16-Feb-2011 09:30:43] GOOD: Invoice: 1093
[16-Feb-2011 09:30:43] GOOD: Invoice: 1113
[16-Feb-2011 09:30:43] GOOD: Invoice: 1108
[16-Feb-2011 09:30:43] GOOD: Invoice: 1106
[16-Feb-2011 09:30:43] GOOD: Invoice: 1099
[16-Feb-2011 09:30:44] GOOD: Invoice: 1111
[16-Feb-2011 09:33:44] GOOD: Invoice: 1018
[16-Feb-2011 09:33:44] GOOD: Invoice: 1067
[16-Feb-2011 09:33:44] GOOD: Invoice: 1088
[16-Feb-2011 09:33:44] GOOD: Invoice: 1065
[16-Feb-2011 09:33:44] GOOD: Invoice: 1050
[16-Feb-2011 09:33:44] GOOD: Invoice: 1071
[16-Feb-2011 09:33:44] GOOD: Invoice: 983
[16-Feb-2011 09:33:44] GOOD: Invoice: 988
[16-Feb-2011 09:33:45] GOOD: Invoice: 997
[16-Feb-2011 09:33:45] GOOD: Invoice: 1040
[16-Feb-2011 09:33:45] GOOD: Invoice: 1029
[16-Feb-2011 09:33:45] GOOD: Invoice: 957
[16-Feb-2011 09:33:45] GOOD: Invoice: 1048
[16-Feb-2011 09:33:45] GOOD: Invoice: 1010
[16-Feb-2011 09:33:45] GOOD: Invoice: 1086
[16-Feb-2011 09:33:45] GOOD: Invoice: 1006
[16-Feb-2011 09:33:45] GOOD: Invoice: 1069
[16-Feb-2011 09:33:45] GOOD: Invoice: 1019
[16-Feb-2011 09:33:45] GOOD: Invoice: 1001
[16-Feb-2011 09:33:45] GOOD: Invoice: 968
[16-Feb-2011 09:33:45] GOOD: Invoice: 1059
[16-Feb-2011 09:33:45] GOOD: Invoice: 1058
[16-Feb-2011 09:33:45] GOOD: Invoice: 970
[16-Feb-2011 09:33:45] GOOD: Invoice: 1089
[16-Feb-2011 09:33:46] GOOD: Invoice: 1072
[16-Feb-2011 09:33:46] GOOD: Invoice: 994
[16-Feb-2011 09:33:46] GOOD: Invoice: 1015
[16-Feb-2011 09:33:46] GOOD: Invoice: 977
[16-Feb-2011 09:33:46] GOOD: Invoice: 978
[16-Feb-2011 09:33:46] GOOD: Invoice: 1066
[16-Feb-2011 09:33:46] GOOD: Invoice: 954
[16-Feb-2011 09:33:46] Problem Finding Record: Invoice: 20110209-323: Record is missing
[16-Feb-2011 09:33:46] GOOD: Invoice: 960
[16-Feb-2011 09:33:46] GOOD: Invoice: 1081
[16-Feb-2011 09:33:47] GOOD: Invoice: 1025
[16-Feb-2011 09:33:47] GOOD: Invoice: 993
[16-Feb-2011 09:33:47] GOOD: Invoice: 1044
[16-Feb-2011 09:33:47] GOOD: Invoice: 962
[16-Feb-2011 09:33:48] GOOD: Invoice: 1052
[16-Feb-2011 09:33:48] GOOD: Invoice: 1045
[16-Feb-2011 09:33:48] GOOD: Invoice: 963
[16-Feb-2011 09:33:48] GOOD: Invoice: 1036
[16-Feb-2011 09:33:48] GOOD: Invoice: 1011
[16-Feb-2011 09:33:48] GOOD: Invoice: 1087
[16-Feb-2011 09:33:48] GOOD: Invoice: 1016
[16-Feb-2011 09:33:49] GOOD: Invoice: 1003
[16-Feb-2011 09:33:49] GOOD: Invoice: 971
[16-Feb-2011 09:33:49] GOOD: Invoice: 999
[16-Feb-2011 09:33:49] GOOD: Invoice: 958
[16-Feb-2011 09:33:49] GOOD: Invoice: 964
[16-Feb-2011 09:33:49] GOOD: Invoice: 992
[16-Feb-2011 09:33:49] GOOD: Invoice: 1062
[16-Feb-2011 09:33:49] GOOD: Invoice: 991
[16-Feb-2011 09:33:50] GOOD: Invoice: 1014
[16-Feb-2011 09:33:50] GOOD: Invoice: 1061
[16-Feb-2011 09:33:50] GOOD: Invoice: 990
[16-Feb-2011 09:33:50] GOOD: Invoice: 985
[16-Feb-2011 09:33:50] GOOD: Invoice: 1082
[16-Feb-2011 09:33:50] GOOD: Invoice: 984
[16-Feb-2011 09:33:50] GOOD: Invoice: 996
[16-Feb-2011 09:33:50] GOOD: Invoice: 1034
[16-Feb-2011 09:33:50] GOOD: Invoice: 1023
[16-Feb-2011 09:33:50] GOOD: Invoice: 1046
[16-Feb-2011 09:33:50] GOOD: Invoice: 1004
[16-Feb-2011 09:33:50] GOOD: Invoice: 959
[16-Feb-2011 09:33:50] GOOD: Invoice: 1022
[16-Feb-2011 09:33:50] GOOD: Invoice: 1070
[16-Feb-2011 09:33:50] GOOD: Invoice: 1020
[16-Feb-2011 09:33:50] GOOD: Invoice: 955
[16-Feb-2011 09:33:50] GOOD: Invoice: 1030
[16-Feb-2011 09:33:50] GOOD: Invoice: 1063
[16-Feb-2011 09:33:50] GOOD: Invoice: 1077
[16-Feb-2011 09:33:51] GOOD: Invoice: 1084
[16-Feb-2011 09:33:51] GOOD: Invoice: 1080
[16-Feb-2011 09:33:51] GOOD: Invoice: 969
[16-Feb-2011 09:33:51] GOOD: Invoice: 1021
[16-Feb-2011 09:40:42] GOOD: Invoice: 952
[16-Feb-2011 09:40:43] GOOD: Invoice: 953
[16-Feb-2011 09:43:23] GOOD: Invoice: 933
[16-Feb-2011 09:43:23] GOOD: Invoice: 947
[16-Feb-2011 09:43:23] GOOD: Invoice: 950
[16-Feb-2011 09:43:23] GOOD: Invoice: 931
[16-Feb-2011 09:43:23] GOOD: Invoice: 938
[16-Feb-2011 09:43:23] GOOD: Invoice: 937
[16-Feb-2011 09:43:42] GOOD: Invoice: 930
[16-Feb-2011 09:43:42] GOOD: Invoice: 935
[16-Feb-2011 09:43:43] GOOD: Invoice: 944
[16-Feb-2011 09:43:43] GOOD: Invoice: 946
[16-Feb-2011 09:43:43] GOOD: Invoice: 927
[16-Feb-2011 09:43:43] GOOD: Invoice: 939
[16-Feb-2011 09:43:43] GOOD: Invoice: 932
[16-Feb-2011 09:43:43] GOOD: Invoice: 940
[16-Feb-2011 09:43:43] GOOD: Invoice: 949
[16-Feb-2011 09:43:44] GOOD: Invoice: 948
[16-Feb-2011 09:43:44] GOOD: Invoice: 936
[16-Feb-2011 10:05:43] GOOD: Invoice: 1095
[16-Feb-2011 10:05:43] GOOD: Invoice: 1099
[16-Feb-2011 10:05:43] GOOD: Invoice: 1093
[16-Feb-2011 10:05:43] GOOD: Invoice: 1113
[16-Feb-2011 10:05:43] GOOD: Invoice: 1092
[16-Feb-2011 10:05:43] GOOD: Invoice: 1094
[16-Feb-2011 10:05:44] GOOD: Invoice: 1096
[16-Feb-2011 10:05:44] GOOD: Invoice: 1111
[16-Feb-2011 10:05:44] GOOD: Invoice: 1108
[16-Feb-2011 10:05:44] GOOD: Invoice: 1097
[16-Feb-2011 10:05:44] GOOD: Invoice: 1106
[16-Feb-2011 10:05:44] GOOD: Invoice: 1115
[16-Feb-2011 10:21:43] GOOD: Invoice: 945
[16-Feb-2011 10:22:43] GOOD: Invoice: 1057
[16-Feb-2011 10:22:43] GOOD: Invoice: 928
[16-Feb-2011 10:22:43] GOOD: Invoice: 925
[16-Feb-2011 10:23:42] GOOD: Invoice: 989
[16-Feb-2011 10:24:42] GOOD: Invoice: 1073
[16-Feb-2011 10:24:43] GOOD: Invoice: 1009
[16-Feb-2011 10:24:43] GOOD: Invoice: 1012
[16-Feb-2011 10:25:43] GOOD: Invoice: 986
[16-Feb-2011 10:26:43] GOOD: Invoice: 1075
[16-Feb-2011 10:26:43] GOOD: Invoice: 961
[16-Feb-2011 10:27:42] GOOD: Invoice: 1085
[16-Feb-2011 10:28:43] GOOD: Invoice: 1090
[16-Feb-2011 12:03:45] GOOD: Invoice: 1043
[16-Feb-2011 13:02:01] GOOD: Invoice: 1130
[16-Feb-2011 13:10:50] GOOD: Invoice: 1131
[16-Feb-2011 13:25:00] GOOD: Invoice: 1132
[16-Feb-2011 13:55:02] GOOD: Invoice: 1018
[16-Feb-2011 13:59:34] GOOD: Invoice: 1006
[16-Feb-2011 14:15:24] GOOD: Invoice: 970
[16-Feb-2011 16:49:04] GOOD: Invoice: 1134
[16-Feb-2011 17:29:26] GOOD: Invoice: 1136
[16-Feb-2011 19:41:40] GOOD: Invoice: 1138
[16-Feb-2011 19:58:18] GOOD: Invoice: 1139
[16-Feb-2011 20:30:57] GOOD: Invoice: 1141
[17-Feb-2011 08:17:11] GOOD: Invoice: 1142
[17-Feb-2011 10:53:32] GOOD: Invoice: 1144
[17-Feb-2011 11:46:08] GOOD: Invoice: 1147
[17-Feb-2011 11:46:25] GOOD: Invoice: 1148
[17-Feb-2011 12:02:19] GOOD: Invoice: 1149
[17-Feb-2011 13:07:19] GOOD: Invoice: 1152
[17-Feb-2011 15:06:44] GOOD: Invoice: 1154
[17-Feb-2011 15:37:00] GOOD: Invoice: 1155
[17-Feb-2011 16:21:35] GOOD: Invoice: 1156
[17-Feb-2011 16:47:22] GOOD: Invoice: 1157
[17-Feb-2011 17:46:54] GOOD: Invoice: 960
[17-Feb-2011 20:55:45] GOOD: Invoice: 1158
[18-Feb-2011 08:05:19] GOOD: Invoice: 1016
[18-Feb-2011 08:13:57] GOOD: Invoice: 1073
[18-Feb-2011 09:48:52] GOOD: Invoice: 1161
[18-Feb-2011 10:27:40] GOOD: Invoice: 1162
[18-Feb-2011 10:49:30] GOOD: Invoice: 
[18-Feb-2011 11:04:12] GOOD: Invoice: 1163
[18-Feb-2011 11:30:07] GOOD: Invoice: 
[18-Feb-2011 15:15:31] GOOD: Invoice: 1165
[18-Feb-2011 16:09:31] SECURITY ERROR: RECEIVER EMAILS DO NOT MATCH:paypal_1297138040_biz@peninsuladaycamp.org
[18-Feb-2011 17:50:40] GOOD: Invoice: 1166
[18-Feb-2011 20:00:42] GOOD: Invoice: 1167
[18-Feb-2011 21:47:36] GOOD: Invoice: 1168
[19-Feb-2011 10:12:42] GOOD: Invoice: 1169
[19-Feb-2011 10:57:33] GOOD: Invoice: 1170
[19-Feb-2011 14:00:31] GOOD: Invoice: 
[19-Feb-2011 14:25:12] GOOD: Invoice: 1171
[19-Feb-2011 15:36:20] GOOD: Invoice: 1173
[19-Feb-2011 16:20:24] GOOD: Invoice: 1174
[19-Feb-2011 16:59:57] GOOD: Invoice: 1175
[19-Feb-2011 17:13:27] GOOD: Invoice: 
[19-Feb-2011 19:37:58] GOOD: Invoice: 1176
[19-Feb-2011 19:57:50] GOOD: Invoice: 1177
[20-Feb-2011 10:39:26] GOOD: Invoice: 1178
[20-Feb-2011 11:34:39] GOOD: Invoice: 1179
[21-Feb-2011 11:25:59] GOOD: Invoice: 1181
[21-Feb-2011 16:27:51] GOOD: Invoice: 1183
[21-Feb-2011 19:57:39] GOOD: Invoice: 1186
[21-Feb-2011 21:51:56] GOOD: Invoice: 1187
[21-Feb-2011 22:10:02] GOOD: Invoice: 1190
[22-Feb-2011 02:34:32] GOOD: Invoice: 1192
[22-Feb-2011 10:58:55] GOOD: Invoice: 1195
[22-Feb-2011 14:51:50] GOOD: Invoice: 1198
[22-Feb-2011 19:13:07] GOOD: Invoice: 1200
[22-Feb-2011 20:58:28] GOOD: Invoice: 1201
[22-Feb-2011 21:21:44] GOOD: Invoice: 935
[22-Feb-2011 21:42:29] GOOD: Invoice: 1203
[22-Feb-2011 21:52:35] GOOD: Invoice: 1204
[22-Feb-2011 22:00:38] GOOD: Invoice: 1205
[22-Feb-2011 23:43:51] GOOD: Invoice: 1206
[23-Feb-2011 10:33:04] GOOD: Invoice: 1210
[23-Feb-2011 10:33:07] GOOD: Invoice: 1209
[23-Feb-2011 14:18:56] GOOD: Invoice: 1212
[23-Feb-2011 16:14:11] GOOD: Invoice: 1213
[23-Feb-2011 19:14:25] GOOD: Invoice: 1183
[24-Feb-2011 08:54:49] GOOD: Invoice: 1215
[24-Feb-2011 13:35:30] GOOD: Invoice: 1217
[24-Feb-2011 23:02:43] GOOD: Invoice: 1218
[25-Feb-2011 20:19:21] GOOD: Invoice: 1222
[25-Feb-2011 21:06:49] GOOD: Invoice: 1223
[26-Feb-2011 13:59:28] GOOD: Invoice: 1224
[27-Feb-2011 13:15:10] GOOD: Invoice: 1227
[27-Feb-2011 18:52:33] GOOD: Invoice: 1228
[28-Feb-2011 09:01:58] GOOD: Invoice: 1229
[28-Feb-2011 13:40:08] GOOD: Invoice: 1230
[28-Feb-2011 14:16:05] GOOD: Invoice: 1231
[28-Feb-2011 14:23:05] GOOD: Invoice: 1232
[28-Feb-2011 16:29:33] GOOD: Invoice: 1233
[28-Feb-2011 22:37:45] GOOD: Invoice: 1235
[01-Mar-2011 10:24:17] GOOD: Invoice: 1236
[01-Mar-2011 13:27:51] GOOD: Invoice: 1237
[01-Mar-2011 17:29:57] GOOD: Invoice: 1239
[01-Mar-2011 19:10:20] GOOD: Invoice: 1240
[01-Mar-2011 20:06:31] GOOD: Invoice: 1241
[02-Mar-2011 09:16:36] GOOD: Invoice: 1243
[02-Mar-2011 09:58:32] GOOD: Invoice: 1244
[02-Mar-2011 14:47:31] GOOD: Invoice: 1238
[02-Mar-2011 14:48:19] GOOD: Invoice: 
[02-Mar-2011 18:43:03] GOOD: Invoice: 1245
[02-Mar-2011 22:57:46] GOOD: Invoice: 1246
[03-Mar-2011 10:46:42] GOOD: Invoice: 1248
[03-Mar-2011 21:50:12] GOOD: Invoice: 1250
[05-Mar-2011 10:26:12] GOOD: Invoice: 1253
[05-Mar-2011 10:32:13] GOOD: Invoice: 1254
[05-Mar-2011 13:10:11] GOOD: Invoice: 1256
[05-Mar-2011 15:09:44] GOOD: Invoice: 1257
[05-Mar-2011 16:34:14] GOOD: Invoice: 1258
[05-Mar-2011 16:57:14] GOOD: Invoice: 1259
[05-Mar-2011 21:47:04] GOOD: Invoice: 1261
[06-Mar-2011 14:42:08] GOOD: Invoice: 1262
[06-Mar-2011 18:20:09] GOOD: Invoice: 1267
[06-Mar-2011 19:18:18] GOOD: Invoice: 1268
[06-Mar-2011 20:42:48] GOOD: Invoice: 963
[06-Mar-2011 21:07:48] GOOD: Invoice: 1269
[06-Mar-2011 21:22:23] GOOD: Invoice: 1270
[06-Mar-2011 22:09:58] GOOD: Invoice: 1271
[07-Mar-2011 08:45:50] GOOD: Invoice: 1272
[07-Mar-2011 10:59:45] GOOD: Invoice: 1273
[07-Mar-2011 14:40:47] GOOD: Invoice: 1274
[07-Mar-2011 16:20:52] GOOD: Invoice: 1276
[07-Mar-2011 22:14:42] GOOD: Invoice: 1278
[07-Mar-2011 23:42:07] SECURITY ERROR: RECEIVER EMAILS DO NOT MATCH:paypal_1297138040_biz@peninsuladaycamp.org
[08-Mar-2011 12:02:14] GOOD: Invoice: 1280
[08-Mar-2011 17:31:33] GOOD: Invoice: 1281
[08-Mar-2011 21:21:03] GOOD: Invoice: 1284
[08-Mar-2011 21:42:52] GOOD: Invoice: 1285
[08-Mar-2011 23:37:03] GOOD: Invoice: 1286
[09-Mar-2011 14:55:11] GOOD: Invoice: 1288
[09-Mar-2011 19:39:52] GOOD: Invoice: 1289
[09-Mar-2011 21:25:43] GOOD: Invoice: 1290
[10-Mar-2011 05:10:01] GOOD: Invoice: 1291
[10-Mar-2011 16:39:38] GOOD: Invoice: 1292
[10-Mar-2011 17:07:08] GOOD: Invoice: 1293
[11-Mar-2011 10:23:32] GOOD: Invoice: 1295
[11-Mar-2011 11:15:24] GOOD: Invoice: 1296
[11-Mar-2011 18:25:09] GOOD: Invoice: 1298
[11-Mar-2011 21:29:06] GOOD: Invoice: 1300
[13-Mar-2011 13:56:27] GOOD: Invoice: 1306
[13-Mar-2011 15:34:01] GOOD: Invoice: 1307
[13-Mar-2011 17:23:14] GOOD: Invoice: 1309
[13-Mar-2011 19:05:42] GOOD: Invoice: 1310
[13-Mar-2011 21:10:16] GOOD: Invoice: 1311
[14-Mar-2011 11:48:14] GOOD: Invoice: 1313
[14-Mar-2011 12:01:30] GOOD: Invoice: 1314
[14-Mar-2011 15:50:12] GOOD: Invoice: 1315
[14-Mar-2011 15:52:48] GOOD: Invoice: 1316
[14-Mar-2011 16:18:28] GOOD: Invoice: 1317
[15-Mar-2011 08:03:08] GOOD: Invoice: 1319
[15-Mar-2011 13:59:22] GOOD: Invoice: 1271
[15-Mar-2011 14:01:54] GOOD: Invoice: 1236
[15-Mar-2011 14:38:56] GOOD: Invoice: 1307
[15-Mar-2011 15:45:42] GOOD: Invoice: 948
[15-Mar-2011 17:18:29] GOOD: Invoice: 1045
[16-Mar-2011 09:22:50] GOOD: Invoice: 1322
[16-Mar-2011 12:28:25] GOOD: Invoice: 1323
[16-Mar-2011 13:28:04] GOOD: Invoice: 
[16-Mar-2011 14:05:50] GOOD: Invoice: 1134
[16-Mar-2011 15:33:25] GOOD: Invoice: 1324
[16-Mar-2011 16:05:19] GOOD: Invoice: 986
[16-Mar-2011 16:41:13] GOOD: Invoice: 
[16-Mar-2011 21:23:50] GOOD: Invoice: 
[17-Mar-2011 08:10:05] GOOD: Invoice: 
[17-Mar-2011 10:35:28] GOOD: Invoice: 1327
[17-Mar-2011 11:15:31] GOOD: Invoice: 1328
[17-Mar-2011 14:55:43] GOOD: Invoice: 1329
[17-Mar-2011 16:01:04] GOOD: Invoice: 
[17-Mar-2011 18:22:36] GOOD: Invoice: 1333
[17-Mar-2011 19:42:52] GOOD: Invoice: 1334
[17-Mar-2011 20:43:14] GOOD: Invoice: 1335
[18-Mar-2011 01:09:23] GOOD: Invoice: 1338
[18-Mar-2011 11:20:11] GOOD: Invoice: 1340
[18-Mar-2011 11:33:17] GOOD: Invoice: 1341
[18-Mar-2011 11:45:36] GOOD: Invoice: 1342
[18-Mar-2011 11:52:36] GOOD: Invoice: 1343
[18-Mar-2011 18:05:00] GOOD: Invoice: 1344
[18-Mar-2011 19:24:17] GOOD: Invoice: 1346
[19-Mar-2011 09:40:45] GOOD: Invoice: 1348
[19-Mar-2011 09:49:27] GOOD: Invoice: 
[19-Mar-2011 10:54:01] GOOD: Invoice: 1349
[19-Mar-2011 12:00:12] GOOD: Invoice: 1350
[19-Mar-2011 12:27:10] GOOD: Invoice: 1351
[20-Mar-2011 10:09:06] GOOD: Invoice: 1353
[20-Mar-2011 12:03:37] GOOD: Invoice: 1354
[20-Mar-2011 22:16:45] GOOD: Invoice: 1358
[21-Mar-2011 07:55:14] SECURITY ERROR: RECEIVER EMAILS DO NOT MATCH:hanzel_1297112916_biz@amantessoftware.com
[21-Mar-2011 08:04:26] GOOD: Invoice: 
[21-Mar-2011 09:22:47] GOOD: Invoice: 1361
[21-Mar-2011 10:09:46] GOOD: Invoice: 1363
[21-Mar-2011 10:15:38] GOOD: Invoice: 1364
[21-Mar-2011 12:10:36] GOOD: Invoice: 1365
[21-Mar-2011 12:22:52] GOOD: Invoice: 1366
[21-Mar-2011 14:40:42] GOOD: Invoice: 1362
[21-Mar-2011 15:54:12] GOOD: Invoice: 
[21-Mar-2011 19:43:23] GOOD: Invoice: 
[22-Mar-2011 14:06:57] GOOD: Invoice: 
[22-Mar-2011 15:19:08] GOOD: Invoice: 1372
[22-Mar-2011 16:34:28] GOOD: Invoice: 
[22-Mar-2011 21:51:47] GOOD: Invoice: 1372
[22-Mar-2011 21:56:31] GOOD: Invoice: 1048
[22-Mar-2011 21:58:58] GOOD: Invoice: 989
[23-Mar-2011 17:25:57] GOOD: Invoice: 1376
[23-Mar-2011 21:57:37] GOOD: Invoice: 
[24-Mar-2011 11:44:21] GOOD: Invoice: 1378
[24-Mar-2011 21:17:19] GOOD: Invoice: 1380
[24-Mar-2011 22:03:51] GOOD: Invoice: 1381
[25-Mar-2011 07:56:20] GOOD: Invoice: 1383
[25-Mar-2011 10:12:54] GOOD: Invoice: 1384
[25-Mar-2011 11:09:47] GOOD: Invoice: 1385
[25-Mar-2011 11:27:49] GOOD: Invoice: 1386
[25-Mar-2011 14:28:19] GOOD: Invoice: 1387
[25-Mar-2011 21:57:17] GOOD: Invoice: 
[26-Mar-2011 08:25:12] GOOD: Invoice: 1388
[26-Mar-2011 15:08:47] GOOD: Invoice: 1389
[26-Mar-2011 19:26:25] GOOD: Invoice: 1390
[27-Mar-2011 18:46:13] GOOD: Invoice: 1394
[28-Mar-2011 13:27:43] GOOD: Invoice: 1395
[28-Mar-2011 14:50:19] GOOD: Invoice: 1396
[28-Mar-2011 19:29:44] GOOD: Invoice: 1399
[28-Mar-2011 22:56:42] GOOD: Invoice: 1400
[29-Mar-2011 12:28:35] GOOD: Invoice: 
[29-Mar-2011 12:38:32] GOOD: Invoice: 1403
[29-Mar-2011 14:31:12] GOOD: Invoice: 1404
[29-Mar-2011 16:31:45] GOOD: Invoice: 1405
[29-Mar-2011 22:44:47] GOOD: Invoice: 1406
[30-Mar-2011 09:08:07] GOOD: Invoice: 1408
[30-Mar-2011 10:27:28] GOOD: Invoice: 1409
[30-Mar-2011 16:59:37] GOOD: Invoice: 1412
[30-Mar-2011 20:37:00] GOOD: Invoice: 1413
[30-Mar-2011 22:46:32] GOOD: Invoice: 1414
[30-Mar-2011 23:17:42] GOOD: Invoice: 1416
[30-Mar-2011 23:38:34] GOOD: Invoice: 1417
[31-Mar-2011 07:09:40] GOOD: Invoice: 
[31-Mar-2011 07:36:07] GOOD: Invoice: 1394
[31-Mar-2011 10:08:03] GOOD: Invoice: 1418
[31-Mar-2011 11:27:14] GOOD: Invoice: 1419
[31-Mar-2011 11:47:15] GOOD: Invoice: 
[31-Mar-2011 12:51:39] GOOD: Invoice: 1420
[31-Mar-2011 16:03:33] GOOD: Invoice: 1421
[31-Mar-2011 17:07:00] GOOD: Invoice: 1423
[31-Mar-2011 18:47:07] GOOD: Invoice: 
[31-Mar-2011 21:07:15] GOOD: Invoice: 1426
[31-Mar-2011 21:12:07] GOOD: Invoice: 1427
[31-Mar-2011 21:35:17] GOOD: Invoice: 1428
[31-Mar-2011 21:39:47] GOOD: Invoice: 1429
[31-Mar-2011 22:49:06] GOOD: Invoice: 1430
[31-Mar-2011 23:39:25] GOOD: Invoice: 1431
[01-Apr-2011 11:35:56] SECURITY ERROR: RECEIVER EMAILS DO NOT MATCH:hanzel_1297112916_biz@amantessoftware.com
[01-Apr-2011 12:53:50] GOOD: Invoice: 1435
[01-Apr-2011 13:26:56] GOOD: Invoice: 1436
[01-Apr-2011 13:56:41] GOOD: Invoice: 1437
[01-Apr-2011 14:11:10] GOOD: Invoice: 1438
[01-Apr-2011 14:25:23] GOOD: Invoice: 1030
[01-Apr-2011 14:49:18] GOOD: Invoice: 1439
[01-Apr-2011 17:39:31] GOOD: Invoice: 1440
[01-Apr-2011 18:00:26] GOOD: Invoice: 1441
[01-Apr-2011 21:21:00] GOOD: Invoice: 1443
[01-Apr-2011 22:10:51] GOOD: Invoice: 1446
[01-Apr-2011 22:31:08] GOOD: Invoice: 
[02-Apr-2011 05:49:44] SECURITY ERROR: RECEIVER EMAILS DO NOT MATCH:paypal_1297138040_biz@peninsuladaycamp.org
[03-Apr-2011 21:08:31] GOOD: Invoice: 1448
[07-Apr-2011 21:37:21] GOOD: Invoice: 1131
[08-Apr-2011 10:29:40] GOOD: Invoice: 1452
[10-Apr-2011 09:50:18] GOOD: Invoice: 1084
[10-Apr-2011 09:56:37] GOOD: Invoice: 1016
[12-Apr-2011 17:03:49] GOOD: Invoice: 
[13-Apr-2011 13:21:46] GOOD: Invoice: 
[14-Apr-2011 08:18:30] GOOD: Invoice: 
[15-Apr-2011 17:57:50] GOOD: Invoice: 
[15-Apr-2011 23:45:30] GOOD: Invoice: 1319
[15-Apr-2011 23:46:02] GOOD: Invoice: 1319
[18-Apr-2011 14:49:45] GOOD: Invoice: 1217
[20-Apr-2011 11:20:05] GOOD: Invoice: 1240
[21-Apr-2011 08:44:41] GOOD: Invoice: 1457
[24-Apr-2011 22:26:46] GOOD: Invoice: 1458
[25-Apr-2011 11:39:12] GOOD: Invoice: 1457
[25-Apr-2011 11:40:49] GOOD: Invoice: 1458
[26-Apr-2011 19:42:23] GOOD: Invoice: 
[26-Apr-2011 22:39:28] GOOD: Invoice: 1461
[28-Apr-2011 10:54:33] GOOD: Invoice: 1319
[28-Apr-2011 10:54:34] SECURITY ERROR: RECEIVER EMAILS DO NOT MATCH:
[29-Apr-2011 14:25:16] GOOD: Invoice: 1417
[30-Apr-2011 17:14:25] GOOD: Invoice: 1463
[02-May-2011 20:14:14] GOOD: Invoice: 
[05-May-2011 14:14:31] GOOD: Invoice: 1464
[06-May-2011 11:33:57] GOOD: Invoice: 
[06-May-2011 17:22:06] GOOD: Invoice: 
[11-May-2011 02:14:00] GOOD: Invoice: 1354
[11-May-2011 02:14:19] GOOD: Invoice: 1354
[11-May-2011 10:09:48] GOOD: Invoice: 
[11-May-2011 12:28:35] GOOD: Invoice: 
[11-May-2011 21:32:47] GOOD: Invoice: 1469
[13-May-2011 14:42:14] GOOD: Invoice: 1469
[14-May-2011 10:51:27] GOOD: Invoice: 
[15-May-2011 21:25:40] GOOD: Invoice: 1473
[15-May-2011 22:37:58] GOOD: Invoice: 1474
[16-May-2011 12:04:42] GOOD: Invoice: 1417
[16-May-2011 14:19:17] GOOD: Invoice: 
[17-May-2011 14:28:21] GOOD: Invoice: 1475
[17-May-2011 16:41:11] GOOD: Invoice: 
[18-May-2011 21:23:33] GOOD: Invoice: 1476
[18-May-2011 21:31:55] GOOD: Invoice: 1476
[20-May-2011 09:58:10] GOOD: Invoice: 1478
[20-May-2011 11:36:18] GOOD: Invoice: 1383
[21-May-2011 13:10:58] GOOD: Invoice: 1479
[23-May-2011 14:06:49] GOOD: Invoice: 1480
[23-May-2011 14:19:04] GOOD: Invoice: 1480
[23-May-2011 23:15:33] GOOD: Invoice: 1482
[24-May-2011 15:04:17] GOOD: Invoice: 1483
[25-May-2011 15:27:59] GOOD: Invoice: 1483
[25-May-2011 19:26:13] GOOD: Invoice: 1486
[25-May-2011 21:30:12] GOOD: Invoice: 
[26-May-2011 17:17:47] GOOD: Invoice: 1487
[27-May-2011 13:14:10] GOOD: Invoice: 1488
[30-May-2011 17:35:38] GOOD: Invoice: 
[01-Jun-2011 05:40:25] SECURITY ERROR: RECEIVER EMAILS DO NOT MATCH:
[01-Jun-2011 05:40:30] GOOD: Invoice: 1354
[01-Jun-2011 10:46:38] GOOD: Invoice: 
[02-Jun-2011 20:44:54] GOOD: Invoice: 
[05-Jun-2011 11:02:14] GOOD: Invoice: 1490
[06-Jun-2011 12:27:28] GOOD: Invoice: 
[17-Jun-2011 17:18:39] GOOD: Invoice: 1493
[20-Jun-2011 22:03:03] GOOD: Invoice: 1494
[23-Jun-2011 13:06:43] GOOD: Invoice: 
[23-Jun-2011 18:41:27] GOOD: Invoice: 1495
[26-Jun-2011 08:41:09] GOOD: Invoice: 
[27-Jun-2011 21:45:41] GOOD: Invoice: 1496
[30-Jun-2011 16:58:07] GOOD: Invoice: 1497
[11-Feb-2012 01:23:49] Session:
[11-Feb-2012 01:23:51] GOOD: Invoice: 1526
[11-Feb-2012 01:27:21] Session:
[11-Feb-2012 01:27:23] GOOD: Invoice: 1527
[12-Feb-2012 09:23:25] GET TEST:hanzel morato
[12-Feb-2012 09:23:27] GOOD: Invoice: 1529
[13-Feb-2012 15:26:31] PHP Parse error:  syntax error, unexpected '}', expecting ',' or ';' in /home/peninsul/public_html/register/getPricesForEmail.php on line 98
[13-Feb-2012 15:26:46] PHP Parse error:  syntax error, unexpected '}', expecting ',' or ';' in /home/peninsul/public_html/register/getPricesForEmail.php on line 98
[13-Feb-2012 15:27:47] PHP Parse error:  syntax error, unexpected '}', expecting ',' or ';' in /home/peninsul/public_html/register/getPricesForEmail.php on line 93
[13-Feb-2012 15:27:50] PHP Parse error:  syntax error, unexpected '}', expecting ',' or ';' in /home/peninsul/public_html/register/getPricesForEmail.php on line 93
[13-Feb-2012 15:28:00] PHP Parse error:  syntax error, unexpected '}', expecting ',' or ';' in /home/peninsul/public_html/register/getPricesForEmail.php on line 93
[13-Feb-2012 16:42:14] PHP Parse error:  syntax error, unexpected T_INC, expecting '}' in /home/peninsul/public_html/register/getPricesForEmail.php on line 101
[13-Feb-2012 16:44:03] PHP Parse error:  syntax error, unexpected T_RETURN in /home/peninsul/public_html/register/getPricesForEmail.php on line 114
[13-Feb-2012 16:44:07] PHP Parse error:  syntax error, unexpected T_RETURN in /home/peninsul/public_html/register/getPricesForEmail.php on line 114
[13-Feb-2012 16:45:56] PHP Parse error:  syntax error, unexpected T_INC, expecting '}' in /home/peninsul/public_html/register/getPricesForEmail.php on line 101
[13-Feb-2012 16:46:14] PHP Parse error:  syntax error, unexpected T_INC, expecting '}' in /home/peninsul/public_html/register/getPricesForEmail.php on line 101
[13-Feb-2012 16:47:47] PHP Parse error:  syntax error, unexpected T_INC, expecting '}' in /home/peninsul/public_html/register/getPricesForEmail.php on line 101
[13-Feb-2012 16:54:52] PHP Parse error:  syntax error, unexpected T_STRING in /home/peninsul/public_html/register/getPricesForEmail.php on line 112
[13-Feb-2012 16:59:49] PHP Parse error:  syntax error, unexpected T_INC, expecting '}' in /home/peninsul/public_html/register/getPricesForEmail.php on line 101
[13-Feb-2012 17:01:16] PHP Parse error:  syntax error, unexpected T_INC, expecting '}' in /home/peninsul/public_html/register/getPricesForEmail.php on line 103
[13-Feb-2012 17:01:57] PHP Parse error:  syntax error, unexpected T_INC, expecting '}' in /home/peninsul/public_html/register/getPricesForEmail.php on line 103
[13-Feb-2012 17:08:13] PHP Parse error:  syntax error, unexpected T_LNUMBER in /home/peninsul/public_html/register/getPricesForEmail.php on line 94
[13-Feb-2012 17:09:18] PHP Parse error:  syntax error, unexpected T_LNUMBER in /home/peninsul/public_html/register/getPricesForEmail.php on line 94
[13-Feb-2012 17:09:47] PHP Parse error:  syntax error, unexpected T_LNUMBER in /home/peninsul/public_html/register/getPricesForEmail.php on line 94
[14-Feb-2012 23:59:17] No post request was submitted
[14-Feb-2012 23:59:17] SECURITY ERROR: RECEIVER EMAILS DO NOT MATCH:
[15-Feb-2012 00:28:30] Calling FMStudio_PayPal_Notify
[15-Feb-2012 00:28:30] I am in FMStudio_PayPal_Notify
[15-Feb-2012 00:28:32] GOOD: Invoice: 1589
[15-Feb-2012 01:13:32] Top of notify.php
[15-Feb-2012 01:13:34] GOOD: Invoice: 1598
[15-Feb-2012 10:42:49] Top of notify.php
[15-Feb-2012 10:42:51] GOOD: Invoice: 1603
[15-Feb-2012 14:04:08] Top of notify.php
[15-Feb-2012 14:04:09] GOOD: Invoice: 1605
[15-Feb-2012 22:00:46] Top of notify.php
[15-Feb-2012 22:00:48] GOOD: Invoice: 1607
[16-Feb-2012 08:24:26] Top of notify.php
[16-Feb-2012 08:24:28] GOOD: Invoice: 1609
[16-Feb-2012 13:35:33] Top of notify.php
[16-Feb-2012 13:35:34] GOOD: Invoice: 1610
[17-Feb-2012 00:13:21] Top of notify.php
[17-Feb-2012 00:13:22] GOOD: Invoice: 1613
[17-Feb-2012 00:13:48] Top of notify.php
[17-Feb-2012 00:13:49] GOOD: Invoice: 1614
[17-Feb-2012 00:17:00] Top of notify.php
[17-Feb-2012 00:17:01] GOOD: Invoice: 1615
[17-Feb-2012 00:21:46] Top of notify.php
[17-Feb-2012 00:21:47] GOOD: Invoice: 1616
[17-Feb-2012 00:51:15] Top of notify.php
[17-Feb-2012 00:51:16] GOOD: Invoice: 1617
[17-Feb-2012 02:08:22] Top of notify.php
[17-Feb-2012 02:08:24] GOOD: Invoice: 1618
[17-Feb-2012 03:26:32] Top of notify.php
[17-Feb-2012 03:26:34] GOOD: Invoice: 1620
[17-Feb-2012 06:21:24] Top of notify.php
[17-Feb-2012 06:21:26] GOOD: Invoice: 1625
[17-Feb-2012 06:23:45] Top of notify.php
[17-Feb-2012 06:23:47] GOOD: Invoice: 1626
[17-Feb-2012 06:39:18] Top of notify.php
[17-Feb-2012 06:39:19] GOOD: Invoice: 1627
[17-Feb-2012 06:49:04] Top of notify.php
[17-Feb-2012 06:49:06] GOOD: Invoice: 1628
[17-Feb-2012 06:49:33] Top of notify.php
[17-Feb-2012 06:49:34] GOOD: Invoice: 1629
[17-Feb-2012 06:52:37] Top of notify.php
[17-Feb-2012 06:52:39] GOOD: Invoice: 1630
[17-Feb-2012 07:02:13] Top of notify.php
[17-Feb-2012 07:02:15] GOOD: Invoice: 1632
[17-Feb-2012 07:03:43] Top of notify.php
[17-Feb-2012 07:03:44] GOOD: Invoice: 1631
[17-Feb-2012 07:18:01] Top of notify.php
[17-Feb-2012 07:18:02] GOOD: Invoice: 1633
[17-Feb-2012 07:33:16] Top of notify.php
[17-Feb-2012 07:33:18] GOOD: Invoice: 1634
[17-Feb-2012 07:49:53] Top of notify.php
[17-Feb-2012 07:49:54] GOOD: Invoice: 1636
[17-Feb-2012 07:53:04] Top of notify.php
[17-Feb-2012 07:53:05] GOOD: Invoice: 1639
[17-Feb-2012 07:53:38] Top of notify.php
[17-Feb-2012 07:53:39] GOOD: Invoice: 1640
[17-Feb-2012 07:55:35] Top of notify.php
[17-Feb-2012 07:55:36] GOOD: Invoice: 1635
[17-Feb-2012 07:56:04] Top of notify.php
[17-Feb-2012 07:56:06] GOOD: Invoice: 1641
[17-Feb-2012 08:00:43] Top of notify.php
[17-Feb-2012 08:00:44] GOOD: Invoice: 1642
[17-Feb-2012 08:06:38] Top of notify.php
[17-Feb-2012 08:06:39] GOOD: Invoice: 1643
[17-Feb-2012 08:11:20] Top of notify.php
[17-Feb-2012 08:11:22] GOOD: Invoice: 1644
[17-Feb-2012 08:14:43] Top of notify.php
[17-Feb-2012 08:14:45] GOOD: Invoice: 1646
[17-Feb-2012 08:21:16] Top of notify.php
[17-Feb-2012 08:21:17] GOOD: Invoice: 1645
[17-Feb-2012 08:23:40] Top of notify.php
[17-Feb-2012 08:23:42] GOOD: Invoice: 1647
[17-Feb-2012 08:24:10] Top of notify.php
[17-Feb-2012 08:24:12] GOOD: Invoice: 1648
[17-Feb-2012 08:32:02] Top of notify.php
[17-Feb-2012 08:32:04] GOOD: Invoice: 1650
[17-Feb-2012 08:33:40] Top of notify.php
[17-Feb-2012 08:33:41] GOOD: Invoice: 1651
[17-Feb-2012 08:43:08] Top of notify.php
[17-Feb-2012 08:43:09] GOOD: Invoice: 1652
[17-Feb-2012 08:46:33] Top of notify.php
[17-Feb-2012 08:46:34] GOOD: Invoice: 1653
[17-Feb-2012 08:48:44] Top of notify.php
[17-Feb-2012 08:48:45] GOOD: Invoice: 1654
[17-Feb-2012 08:54:04] Top of notify.php
[17-Feb-2012 08:54:05] GOOD: Invoice: 1655
[17-Feb-2012 08:57:21] Top of notify.php
[17-Feb-2012 08:57:22] GOOD: Invoice: 1656
[17-Feb-2012 09:02:59] Top of notify.php
[17-Feb-2012 09:03:00] GOOD: Invoice: 1657
[17-Feb-2012 09:06:59] Top of notify.php
[17-Feb-2012 09:07:00] GOOD: Invoice: 1658
[17-Feb-2012 09:13:13] Top of notify.php
[17-Feb-2012 09:13:15] GOOD: Invoice: 1659
[17-Feb-2012 09:27:31] Top of notify.php
[17-Feb-2012 09:27:32] GOOD: Invoice: 1662
[17-Feb-2012 09:28:06] Top of notify.php
[17-Feb-2012 09:28:07] GOOD: Invoice: 1661
[17-Feb-2012 09:34:48] Top of notify.php
[17-Feb-2012 09:34:50] GOOD: Invoice: 1665
[17-Feb-2012 09:35:51] Top of notify.php
[17-Feb-2012 09:35:52] GOOD: Invoice: 1666
[17-Feb-2012 09:36:26] Top of notify.php
[17-Feb-2012 09:36:28] GOOD: Invoice: 1664
[17-Feb-2012 09:54:39] Top of notify.php
[17-Feb-2012 09:54:40] GOOD: Invoice: 1667
[17-Feb-2012 10:13:13] Top of notify.php
[17-Feb-2012 10:13:14] GOOD: Invoice: 1669
[17-Feb-2012 10:22:59] Top of notify.php
[17-Feb-2012 10:23:00] GOOD: Invoice: 1671
[17-Feb-2012 10:25:05] Top of notify.php
[17-Feb-2012 10:25:07] GOOD: Invoice: 1670
[17-Feb-2012 10:28:17] Top of notify.php
[17-Feb-2012 10:28:19] GOOD: Invoice: 1672
[17-Feb-2012 10:29:17] Top of notify.php
[17-Feb-2012 10:29:18] GOOD: Invoice: 1673
[17-Feb-2012 10:30:44] Top of notify.php
[17-Feb-2012 10:30:46] GOOD: Invoice: 1674
[17-Feb-2012 10:50:09] Top of notify.php
[17-Feb-2012 10:50:10] GOOD: Invoice: 1676
[17-Feb-2012 11:00:09] Top of notify.php
[17-Feb-2012 11:00:11] GOOD: Invoice: 1678
[17-Feb-2012 11:00:19] Top of notify.php
[17-Feb-2012 11:00:20] GOOD: Invoice: 1679
[17-Feb-2012 11:06:18] Top of notify.php
[17-Feb-2012 11:06:20] GOOD: Invoice: 1681
[17-Feb-2012 11:13:58] Top of notify.php
[17-Feb-2012 11:14:00] GOOD: Invoice: 1682
[17-Feb-2012 11:17:07] Top of notify.php
[17-Feb-2012 11:17:11] GOOD: Invoice: 1687
[17-Feb-2012 11:32:12] Top of notify.php
[17-Feb-2012 11:32:14] GOOD: Invoice: 1686
[17-Feb-2012 11:32:46] Top of notify.php
[17-Feb-2012 11:32:47] GOOD: Invoice: 1688
[17-Feb-2012 11:38:17] Top of notify.php
[17-Feb-2012 11:38:18] GOOD: Invoice: 1690
[17-Feb-2012 11:58:45] Top of notify.php
[17-Feb-2012 11:58:47] GOOD: Invoice: 1693
[17-Feb-2012 12:44:06] Top of notify.php
[17-Feb-2012 12:44:07] GOOD: Invoice: 1694
[17-Feb-2012 13:27:44] Top of notify.php
[17-Feb-2012 13:27:45] GOOD: Invoice: 1697
[17-Feb-2012 13:30:35] Top of notify.php
[17-Feb-2012 13:30:36] GOOD: Invoice: 1696
[17-Feb-2012 13:48:53] Top of notify.php
[17-Feb-2012 13:48:54] GOOD: Invoice: 1698
[17-Feb-2012 13:59:52] Top of notify.php
[17-Feb-2012 13:59:53] GOOD: Invoice: 1699
[17-Feb-2012 14:15:06] Top of notify.php
[17-Feb-2012 14:15:07] GOOD: Invoice: 1700
[17-Feb-2012 14:24:23] Top of notify.php
[17-Feb-2012 14:24:24] GOOD: Invoice: 1701
[17-Feb-2012 14:38:37] Top of notify.php
[17-Feb-2012 14:38:38] GOOD: Invoice: 1702
[17-Feb-2012 14:44:44] Top of notify.php
[17-Feb-2012 14:44:45] GOOD: Invoice: 1703
[17-Feb-2012 14:50:45] Top of notify.php
[17-Feb-2012 14:50:46] GOOD: Invoice: 1704
[17-Feb-2012 14:51:09] Top of notify.php
[17-Feb-2012 14:51:11] GOOD: Invoice: 1705
[17-Feb-2012 15:50:09] Top of notify.php
[17-Feb-2012 15:50:11] GOOD: Invoice: 1709
[17-Feb-2012 16:00:15] Top of notify.php
[17-Feb-2012 16:00:17] GOOD: Invoice: 1712
[17-Feb-2012 16:01:26] Top of notify.php
[17-Feb-2012 16:01:27] GOOD: Invoice: 1713
[17-Feb-2012 17:12:21] Top of notify.php
[17-Feb-2012 17:12:22] GOOD: Invoice: 1716
[17-Feb-2012 17:26:18] Top of notify.php
[17-Feb-2012 17:26:19] GOOD: Invoice: 1717
[17-Feb-2012 17:38:35] Top of notify.php
[17-Feb-2012 17:38:36] GOOD: Invoice: 1719
[17-Feb-2012 18:16:45] Top of notify.php
[17-Feb-2012 18:16:47] GOOD: Invoice: 1726
[17-Feb-2012 18:17:44] Top of notify.php
[17-Feb-2012 18:17:46] GOOD: Invoice: 1724
[17-Feb-2012 18:18:14] Top of notify.php
[17-Feb-2012 18:18:15] GOOD: Invoice: 1727
[17-Feb-2012 18:18:47] Top of notify.php
[17-Feb-2012 18:18:48] GOOD: Invoice: 1721
[17-Feb-2012 18:50:21] Top of notify.php
[17-Feb-2012 18:50:23] GOOD: Invoice: 1733
[17-Feb-2012 19:09:24] Top of notify.php
[17-Feb-2012 19:09:25] GOOD: Invoice: 1737
[17-Feb-2012 19:23:27] Top of notify.php
[17-Feb-2012 19:23:29] GOOD: Invoice: 1745
[17-Feb-2012 19:23:53] Top of notify.php
[17-Feb-2012 19:23:54] GOOD: Invoice: 1746
[17-Feb-2012 19:31:47] Top of notify.php
[17-Feb-2012 19:31:48] GOOD: Invoice: 1747
[17-Feb-2012 19:37:45] Top of notify.php
[17-Feb-2012 19:37:47] GOOD: Invoice: 1748
[17-Feb-2012 20:02:42] Top of notify.php
[17-Feb-2012 20:02:43] GOOD: Invoice: 1749
[17-Feb-2012 20:30:20] Top of notify.php
[17-Feb-2012 20:30:21] GOOD: Invoice: 1750
[17-Feb-2012 20:40:03] Top of notify.php
[17-Feb-2012 20:40:06] GOOD: Invoice: 1751
[17-Feb-2012 21:11:19] Top of notify.php
[17-Feb-2012 21:11:20] GOOD: Invoice: 1753
[17-Feb-2012 21:24:01] Top of notify.php
[17-Feb-2012 21:24:02] GOOD: Invoice: 1754
[17-Feb-2012 21:36:12] Top of notify.php
[17-Feb-2012 21:36:13] GOOD: Invoice: 1755
[17-Feb-2012 21:56:04] Top of notify.php
[17-Feb-2012 21:56:05] GOOD: Invoice: 1757
[17-Feb-2012 21:59:56] Top of notify.php
[17-Feb-2012 21:59:57] GOOD: Invoice: 1758
[17-Feb-2012 22:01:13] Top of notify.php
[17-Feb-2012 22:01:14] GOOD: Invoice: 1759
[17-Feb-2012 22:26:10] Top of notify.php
[17-Feb-2012 22:26:11] GOOD: Invoice: 1763
[17-Feb-2012 23:00:31] Top of notify.php
[17-Feb-2012 23:00:33] GOOD: Invoice: 1766
[17-Feb-2012 23:01:57] Top of notify.php
[17-Feb-2012 23:01:59] GOOD: Invoice: 1765
[17-Feb-2012 23:42:33] Top of notify.php
[17-Feb-2012 23:42:35] GOOD: Invoice: 1768
[18-Feb-2012 09:23:10] Top of notify.php
[18-Feb-2012 09:23:11] GOOD: Invoice: 1772
[18-Feb-2012 09:33:09] Top of notify.php
[18-Feb-2012 09:33:10] GOOD: Invoice: 1774
[18-Feb-2012 10:26:13] Top of notify.php
[18-Feb-2012 10:26:15] GOOD: Invoice: 1777
[18-Feb-2012 10:57:26] Top of notify.php
[18-Feb-2012 10:57:28] GOOD: Invoice: 1778
[18-Feb-2012 11:07:31] Top of notify.php
[18-Feb-2012 11:07:32] GOOD: Invoice: 1779
[18-Feb-2012 11:17:48] Top of notify.php
[18-Feb-2012 11:17:50] GOOD: Invoice: 1780
[18-Feb-2012 11:50:06] Top of notify.php
[18-Feb-2012 11:50:07] GOOD: Invoice: 1781
[18-Feb-2012 12:35:07] Top of notify.php
[18-Feb-2012 12:35:08] GOOD: Invoice: 1784
[18-Feb-2012 14:01:55] Top of notify.php
[18-Feb-2012 14:01:57] GOOD: Invoice: 1785
[18-Feb-2012 14:42:00] Top of notify.php
[18-Feb-2012 14:42:01] GOOD: Invoice: 1790
[18-Feb-2012 14:47:42] Top of notify.php
[18-Feb-2012 14:47:43] GOOD: Invoice: 1792
[18-Feb-2012 14:48:36] Top of notify.php
[18-Feb-2012 14:48:37] GOOD: Invoice: 1791
[18-Feb-2012 15:20:14] Top of notify.php
[18-Feb-2012 15:20:15] GOOD: Invoice: 1793
[18-Feb-2012 15:32:29] Top of notify.php
[18-Feb-2012 15:32:30] GOOD: Invoice: 1795
[18-Feb-2012 15:53:51] Top of notify.php
[18-Feb-2012 15:53:53] GOOD: Invoice: 1797
[18-Feb-2012 15:54:44] Top of notify.php
[18-Feb-2012 15:54:45] GOOD: Invoice: 1798
[18-Feb-2012 16:06:19] Top of notify.php
[18-Feb-2012 16:06:20] GOOD: Invoice: 1799
[18-Feb-2012 17:40:39] Top of notify.php
[18-Feb-2012 17:40:40] GOOD: Invoice: 1800
[18-Feb-2012 18:03:07] Top of notify.php
[18-Feb-2012 18:03:08] GOOD: Invoice: 1801
[18-Feb-2012 19:25:31] Top of notify.php
[18-Feb-2012 19:25:32] GOOD: Invoice: 1802
[18-Feb-2012 19:35:44] Top of notify.php
[18-Feb-2012 19:35:45] GOOD: Invoice: 1803
[18-Feb-2012 20:01:51] Top of notify.php
[18-Feb-2012 20:01:53] GOOD: Invoice: 1804
[18-Feb-2012 20:23:45] Top of notify.php
[18-Feb-2012 20:23:46] GOOD: Invoice: 1805
[18-Feb-2012 21:39:54] Top of notify.php
[18-Feb-2012 21:39:56] GOOD: Invoice: 1806
[18-Feb-2012 21:56:49] Top of notify.php
[18-Feb-2012 21:56:50] GOOD: Invoice: 1807
[18-Feb-2012 22:07:37] Top of notify.php
[18-Feb-2012 22:07:38] GOOD: Invoice: 1808
[18-Feb-2012 22:08:14] Top of notify.php
[18-Feb-2012 22:08:15] GOOD: Invoice: 1809
[19-Feb-2012 11:22:48] Top of notify.php
[19-Feb-2012 11:22:50] GOOD: Invoice: 1811
[19-Feb-2012 12:30:02] Top of notify.php
[19-Feb-2012 12:30:03] GOOD: Invoice: 1813
[19-Feb-2012 13:10:00] Top of notify.php
[19-Feb-2012 13:10:02] GOOD: Invoice: 1814
[19-Feb-2012 13:39:55] Top of notify.php
[19-Feb-2012 13:39:57] GOOD: Invoice: 1815
[19-Feb-2012 15:27:12] Top of notify.php
[19-Feb-2012 15:27:13] GOOD: Invoice: 1817
[19-Feb-2012 17:11:29] Top of notify.php
[19-Feb-2012 17:11:30] GOOD: Invoice: 1818
[19-Feb-2012 17:39:25] Top of notify.php
[19-Feb-2012 17:39:26] GOOD: Invoice: 1820
[19-Feb-2012 18:12:23] Top of notify.php
[19-Feb-2012 18:12:24] GOOD: Invoice: 1821
[19-Feb-2012 20:06:37] Top of notify.php
[19-Feb-2012 20:06:38] GOOD: Invoice: 1823
[19-Feb-2012 22:08:48] Top of notify.php
[19-Feb-2012 22:08:50] GOOD: Invoice: 1825
[20-Feb-2012 09:01:59] Top of notify.php
[20-Feb-2012 09:02:01] GOOD: Invoice: 1826
[20-Feb-2012 11:12:46] Top of notify.php
[20-Feb-2012 11:12:47] GOOD: Invoice: 1827
[20-Feb-2012 11:41:21] Top of notify.php
[20-Feb-2012 11:41:23] GOOD: Invoice: 1828
[20-Feb-2012 13:00:34] Top of notify.php
[20-Feb-2012 13:00:35] GOOD: Invoice: 1830
[20-Feb-2012 16:56:22] Top of notify.php
[20-Feb-2012 16:56:24] GOOD: Invoice: 1833
[20-Feb-2012 17:30:18] Top of notify.php
[20-Feb-2012 17:30:19] GOOD: Invoice: 1834
[20-Feb-2012 19:56:24] Top of notify.php
[20-Feb-2012 19:56:26] GOOD: Invoice: 1836
[20-Feb-2012 20:04:43] Top of notify.php
[20-Feb-2012 20:04:44] GOOD: Invoice: 1838
[20-Feb-2012 20:10:57] Top of notify.php
[20-Feb-2012 20:10:59] GOOD: Invoice: 1839
[20-Feb-2012 20:36:47] Top of notify.php
[20-Feb-2012 20:36:49] GOOD: Invoice: 1842
[20-Feb-2012 21:22:36] Top of notify.php
[20-Feb-2012 21:22:37] GOOD: Invoice: 1844
[20-Feb-2012 21:28:47] Top of notify.php
[20-Feb-2012 21:28:49] GOOD: Invoice: 1845
[20-Feb-2012 22:07:35] Top of notify.php
[20-Feb-2012 22:07:37] GOOD: Invoice: 1846
[20-Feb-2012 23:03:17] Top of notify.php
[20-Feb-2012 23:03:18] GOOD: Invoice: 1847
[21-Feb-2012 07:05:01] Top of notify.php
[21-Feb-2012 07:05:03] Problem Finding Record: Invoice: 1605: Record is missing
[21-Feb-2012 08:06:00] Top of notify.php
[21-Feb-2012 08:06:01] GOOD: Invoice: 1849
[21-Feb-2012 08:47:57] Top of notify.php
[21-Feb-2012 08:47:57] No post request was submitted
[21-Feb-2012 08:47:57] SECURITY ERROR: RECEIVER EMAILS DO NOT MATCH:
[21-Feb-2012 08:52:25] Top of notify.php
[21-Feb-2012 08:52:27] GOOD: Invoice: 1852
[21-Feb-2012 09:33:41] Top of notify.php
[21-Feb-2012 09:33:42] GOOD: Invoice: 1853
[21-Feb-2012 10:29:55] Top of notify.php
[21-Feb-2012 10:29:56] GOOD: Invoice: 1854
[21-Feb-2012 11:11:36] Top of notify.php
[21-Feb-2012 11:11:37] GOOD: Invoice: 1855
[21-Feb-2012 11:15:24] Top of notify.php
[21-Feb-2012 11:15:25] GOOD: Invoice: 1856
[21-Feb-2012 11:44:14] Top of notify.php
[21-Feb-2012 11:44:15] GOOD: Invoice: 1857
[21-Feb-2012 12:35:24] Top of notify.php
[21-Feb-2012 12:35:25] GOOD: Invoice: 1858
[21-Feb-2012 14:21:37] Top of notify.php
[21-Feb-2012 14:21:38] GOOD: Invoice: 1859
[21-Feb-2012 16:14:35] Top of notify.php
[21-Feb-2012 16:14:36] GOOD: Invoice: 1860
[21-Feb-2012 17:28:05] Top of notify.php
[21-Feb-2012 17:28:06] GOOD: Invoice: 1861
[21-Feb-2012 17:53:55] Top of notify.php
[21-Feb-2012 17:53:56] GOOD: Invoice: 1863
[21-Feb-2012 21:07:19] Top of notify.php
[21-Feb-2012 21:07:21] GOOD: Invoice: 1865
[21-Feb-2012 21:09:08] Top of notify.php
[21-Feb-2012 21:09:10] GOOD: Invoice: 1864
[21-Feb-2012 22:43:48] Top of notify.php
[21-Feb-2012 22:43:49] GOOD: Invoice: 1866
[22-Feb-2012 07:29:07] Top of notify.php
[22-Feb-2012 07:29:10] GOOD: Invoice: 1868
[22-Feb-2012 10:36:09] Top of notify.php
[22-Feb-2012 10:36:11] GOOD: Invoice: 1870
[22-Feb-2012 11:22:50] Top of notify.php
[22-Feb-2012 11:22:52] GOOD: Invoice: 1871
[22-Feb-2012 12:13:23] Top of notify.php
[22-Feb-2012 12:13:25] GOOD: Invoice: 1872
[22-Feb-2012 12:39:01] Top of notify.php
[22-Feb-2012 12:39:02] GOOD: Invoice: 1873
[22-Feb-2012 14:19:10] Top of notify.php
[22-Feb-2012 14:19:11] GOOD: Invoice: 1874
[22-Feb-2012 15:09:10] Top of notify.php
[22-Feb-2012 15:09:12] GOOD: Invoice: 1875
[22-Feb-2012 16:01:45] Top of notify.php
[22-Feb-2012 16:01:46] GOOD: Invoice: 1876
[22-Feb-2012 17:13:34] Top of notify.php
[22-Feb-2012 17:13:35] GOOD: Invoice: 1877
[22-Feb-2012 18:16:32] Top of notify.php
[22-Feb-2012 18:16:34] GOOD: Invoice: 1880
[22-Feb-2012 20:37:41] Top of notify.php
[22-Feb-2012 20:37:43] GOOD: Invoice: 1881
[22-Feb-2012 21:05:37] Top of notify.php
[22-Feb-2012 21:05:38] GOOD: Invoice: 1882
[22-Feb-2012 22:36:32] Top of notify.php
[22-Feb-2012 22:36:34] GOOD: Invoice: 1885
[23-Feb-2012 09:59:40] Top of notify.php
[23-Feb-2012 09:59:44] GOOD: Invoice: 1887
[23-Feb-2012 10:14:47] Top of notify.php
[23-Feb-2012 10:14:49] GOOD: Invoice: 1627
[23-Feb-2012 10:51:03] Top of notify.php
[23-Feb-2012 10:51:04] GOOD: Invoice: 1780
[23-Feb-2012 10:55:50] Top of notify.php
[23-Feb-2012 10:55:51] Problem Finding Record: Invoice: 1795: Record is missing
[23-Feb-2012 11:20:02] Top of notify.php
[23-Feb-2012 11:20:03] GOOD: Invoice: 1888
[23-Feb-2012 14:07:25] Top of notify.php
[23-Feb-2012 14:07:26] GOOD: Invoice: 1889
[23-Feb-2012 20:00:22] Top of notify.php
[23-Feb-2012 20:00:23] GOOD: Invoice: 1891
[23-Feb-2012 21:00:41] Top of notify.php
[23-Feb-2012 21:00:42] GOOD: Invoice: 1892
[23-Feb-2012 22:17:00] Top of notify.php
[23-Feb-2012 22:17:02] GOOD: Invoice: 1894
[23-Feb-2012 23:59:33] Top of notify.php
[23-Feb-2012 23:59:34] GOOD: Invoice: 1895
[24-Feb-2012 09:10:36] Top of notify.php
[24-Feb-2012 09:10:46] GOOD: Invoice: 1897
[24-Feb-2012 10:12:14] Top of notify.php
[24-Feb-2012 10:12:16] GOOD: Invoice: 1898
[24-Feb-2012 10:27:39] Top of notify.php
[24-Feb-2012 10:27:40] GOOD: Invoice: 1899
[24-Feb-2012 11:39:56] Top of notify.php
[24-Feb-2012 11:39:57] Problem Finding Record: Invoice: 1795: Record is missing
[24-Feb-2012 11:40:38] Top of notify.php
[24-Feb-2012 11:40:39] Problem Finding Record: Invoice: 1793: Record is missing
[24-Feb-2012 11:44:59] Top of notify.php
[24-Feb-2012 11:45:00] Problem Finding Record: Invoice: 1605: Record is missing
[24-Feb-2012 12:38:48] Top of notify.php
[24-Feb-2012 12:38:49] GOOD: Invoice: 1900
[25-Feb-2012 08:45:11] Top of notify.php
[25-Feb-2012 08:45:15] GOOD: Invoice: 
[25-Feb-2012 09:25:30] Top of notify.php
[25-Feb-2012 09:25:34] GOOD: Invoice: 
[25-Feb-2012 09:36:48] Top of notify.php
[25-Feb-2012 09:36:52] GOOD: Invoice: 
[25-Feb-2012 10:04:51] Top of notify.php
[25-Feb-2012 10:04:53] GOOD: Invoice: 1902
[25-Feb-2012 13:02:56] Top of notify.php
[25-Feb-2012 13:02:57] GOOD: Invoice: 1905
[25-Feb-2012 16:10:23] Top of notify.php
[25-Feb-2012 16:10:25] GOOD: Invoice: 1909
[25-Feb-2012 16:49:32] Top of notify.php
[25-Feb-2012 16:49:34] GOOD: Invoice: 1910
[25-Feb-2012 17:16:12] Top of notify.php
[25-Feb-2012 17:16:13] GOOD: Invoice: 1911
[25-Feb-2012 18:00:48] Top of notify.php
[25-Feb-2012 18:00:49] GOOD: Invoice: 1912
[25-Feb-2012 21:50:22] Top of notify.php
[25-Feb-2012 21:50:24] GOOD: Invoice: 1914
[26-Feb-2012 09:40:39] Top of notify.php
[26-Feb-2012 09:40:41] GOOD: Invoice: 1916
[26-Feb-2012 11:20:53] Top of notify.php
[26-Feb-2012 11:20:54] GOOD: Invoice: 1917
[26-Feb-2012 11:26:53] Top of notify.php
[26-Feb-2012 11:26:54] GOOD: Invoice: 1918
[26-Feb-2012 16:14:34] Top of notify.php
[26-Feb-2012 16:14:35] GOOD: Invoice: 1919
[26-Feb-2012 16:49:54] Top of notify.php
[26-Feb-2012 16:49:55] GOOD: Invoice: 1920
[26-Feb-2012 17:04:04] Top of notify.php
[26-Feb-2012 17:04:05] GOOD: Invoice: 1921
[26-Feb-2012 20:45:54] Top of notify.php
[26-Feb-2012 20:45:56] GOOD: Invoice: 1924
[26-Feb-2012 20:47:53] Top of notify.php
[26-Feb-2012 20:47:55] GOOD: Invoice: 1923
[26-Feb-2012 22:13:38] Top of notify.php
[26-Feb-2012 22:13:40] GOOD: Invoice: 1925
[27-Feb-2012 09:08:27] Top of notify.php
[27-Feb-2012 09:08:35] GOOD: Invoice: 
[27-Feb-2012 10:21:34] Top of notify.php
[27-Feb-2012 10:21:36] GOOD: Invoice: 1928
[27-Feb-2012 11:12:03] Top of notify.php
[27-Feb-2012 11:12:05] GOOD: Invoice: 1929
[27-Feb-2012 13:27:35] Top of notify.php
[27-Feb-2012 13:27:37] GOOD: Invoice: 1930
[27-Feb-2012 14:19:12] Top of notify.php
[27-Feb-2012 14:19:13] GOOD: Invoice: 1931
[27-Feb-2012 14:25:42] Top of notify.php
[27-Feb-2012 14:25:43] GOOD: Invoice: 1932
[27-Feb-2012 16:39:18] Top of notify.php
[27-Feb-2012 16:39:22] GOOD: Invoice: 
[27-Feb-2012 17:27:37] Top of notify.php
[27-Feb-2012 17:27:38] GOOD: Invoice: 1933
[27-Feb-2012 18:24:17] Top of notify.php
[27-Feb-2012 18:24:18] GOOD: Invoice: 1934
[27-Feb-2012 19:16:26] Top of notify.php
[27-Feb-2012 19:16:27] GOOD: Invoice: 1935
[27-Feb-2012 20:46:25] Top of notify.php
[27-Feb-2012 20:46:27] GOOD: Invoice: 1938
[27-Feb-2012 20:49:38] Top of notify.php
[27-Feb-2012 20:49:39] GOOD: Invoice: 1939
[27-Feb-2012 20:53:17] Top of notify.php
[27-Feb-2012 20:53:18] GOOD: Invoice: 1924
[27-Feb-2012 21:23:52] Top of notify.php
[27-Feb-2012 21:23:54] GOOD: Invoice: 1940
[27-Feb-2012 22:16:32] Top of notify.php
[27-Feb-2012 22:16:33] GOOD: Invoice: 1941
[27-Feb-2012 23:43:48] Top of notify.php
[27-Feb-2012 23:43:49] GOOD: Invoice: 1942
[28-Feb-2012 02:32:17] Top of notify.php
[28-Feb-2012 02:32:45] GOOD: Invoice: 
[28-Feb-2012 07:29:51] Top of notify.php
[28-Feb-2012 07:29:53] GOOD: Invoice: 1887
[28-Feb-2012 09:33:07] Top of notify.php
[28-Feb-2012 09:33:08] GOOD: Invoice: 1943
[28-Feb-2012 09:53:55] Top of notify.php
[28-Feb-2012 09:53:57] GOOD: Invoice: 1944
[28-Feb-2012 12:57:48] Top of notify.php
[28-Feb-2012 12:57:50] GOOD: Invoice: 1947
[28-Feb-2012 13:14:14] Top of notify.php
[28-Feb-2012 13:14:15] GOOD: Invoice: 1948
[28-Feb-2012 19:50:10] Top of notify.php
[28-Feb-2012 19:50:12] GOOD: Invoice: 1951
[28-Feb-2012 21:18:44] Top of notify.php
[28-Feb-2012 21:18:46] GOOD: Invoice: 1953
[28-Feb-2012 21:35:48] Top of notify.php
[28-Feb-2012 21:35:49] GOOD: Invoice: 1954
[28-Feb-2012 21:40:26] Top of notify.php
[28-Feb-2012 21:40:27] GOOD: Invoice: 1955
[28-Feb-2012 21:56:02] Top of notify.php
[28-Feb-2012 21:56:06] GOOD: Invoice: 
[29-Feb-2012 09:08:54] Top of notify.php
[29-Feb-2012 09:09:01] GOOD: Invoice: 1956
[29-Feb-2012 09:33:08] Top of notify.php
[29-Feb-2012 09:33:13] GOOD: Invoice: 
[29-Feb-2012 10:28:34] Top of notify.php
[29-Feb-2012 10:28:36] GOOD: Invoice: 1958
[29-Feb-2012 14:33:39] Top of notify.php
[29-Feb-2012 14:33:40] GOOD: Invoice: 1959
[29-Feb-2012 16:13:42] Top of notify.php
[29-Feb-2012 16:13:43] GOOD: Invoice: 1960
[01-Mar-2012 06:32:52] Top of notify.php
[01-Mar-2012 06:32:54] GOOD: Invoice: 1963
[01-Mar-2012 11:28:49] Top of notify.php
[01-Mar-2012 11:28:50] GOOD: Invoice: 1965
[01-Mar-2012 12:00:29] Top of notify.php
[01-Mar-2012 12:00:30] GOOD: Invoice: 1966
[01-Mar-2012 17:02:02] Top of notify.php
[01-Mar-2012 17:02:03] GOOD: Invoice: 1967
[01-Mar-2012 19:17:34] Top of notify.php
[01-Mar-2012 19:17:35] GOOD: Invoice: 1969
[01-Mar-2012 22:44:52] Top of notify.php
[01-Mar-2012 22:44:53] GOOD: Invoice: 1970
[02-Mar-2012 00:09:06] Top of notify.php
[02-Mar-2012 00:09:11] GOOD: Invoice: 
[02-Mar-2012 10:01:53] Top of notify.php
[02-Mar-2012 10:01:54] GOOD: Invoice: 1972
[02-Mar-2012 10:58:10] Top of notify.php
[02-Mar-2012 10:58:12] GOOD: Invoice: 1973
[02-Mar-2012 16:31:33] Top of notify.php
[02-Mar-2012 16:31:35] GOOD: Invoice: 1974
[02-Mar-2012 22:50:06] Top of notify.php
[02-Mar-2012 22:50:08] GOOD: Invoice: 1970
[03-Mar-2012 17:18:47] Top of notify.php
[03-Mar-2012 17:18:48] GOOD: Invoice: 1975
[04-Mar-2012 08:59:07] Top of notify.php
[04-Mar-2012 08:59:09] GOOD: Invoice: 1976
[04-Mar-2012 10:37:26] Top of notify.php
[04-Mar-2012 10:37:27] GOOD: Invoice: 1977
[04-Mar-2012 15:11:50] Top of notify.php
[04-Mar-2012 15:11:51] GOOD: Invoice: 1978
[04-Mar-2012 15:43:24] Top of notify.php
[04-Mar-2012 15:43:26] GOOD: Invoice: 1979
[04-Mar-2012 17:08:25] Top of notify.php
[04-Mar-2012 17:08:27] GOOD: Invoice: 1980
[04-Mar-2012 19:32:13] Top of notify.php
[04-Mar-2012 19:32:15] GOOD: Invoice: 1981
[04-Mar-2012 23:26:09] Top of notify.php
[04-Mar-2012 23:26:10] GOOD: Invoice: 1982
[05-Mar-2012 07:29:10] Top of notify.php
[05-Mar-2012 07:29:12] GOOD: Invoice: 1983
[05-Mar-2012 08:49:25] Top of notify.php
[05-Mar-2012 08:49:26] GOOD: Invoice: 1985
[05-Mar-2012 09:42:57] Top of notify.php
[05-Mar-2012 09:42:59] GOOD: Invoice: 1986
[05-Mar-2012 10:50:42] Top of notify.php
[05-Mar-2012 10:50:43] GOOD: Invoice: 1987
[05-Mar-2012 13:28:09] Top of notify.php
[05-Mar-2012 13:28:10] GOOD: Invoice: 1988
[05-Mar-2012 16:22:59] Top of notify.php
[05-Mar-2012 16:23:00] GOOD: Invoice: 1989
[05-Mar-2012 20:44:04] Top of notify.php
[05-Mar-2012 20:44:09] GOOD: Invoice: 
[05-Mar-2012 22:01:28] Top of notify.php
[05-Mar-2012 22:01:29] GOOD: Invoice: 1990
[05-Mar-2012 23:32:40] Top of notify.php
[05-Mar-2012 23:32:44] GOOD: Invoice: 
[06-Mar-2012 07:30:59] Top of notify.php
[06-Mar-2012 07:31:05] GOOD: Invoice: 1969
[06-Mar-2012 11:29:24] Top of notify.php
[06-Mar-2012 11:29:29] GOOD: Invoice: 
[06-Mar-2012 19:10:06] Top of notify.php
[06-Mar-2012 19:10:07] GOOD: Invoice: 1992
[06-Mar-2012 21:10:58] Top of notify.php
[06-Mar-2012 21:11:00] GOOD: Invoice: 1888
[06-Mar-2012 21:14:19] Top of notify.php
[06-Mar-2012 21:14:24] GOOD: Invoice: 
[06-Mar-2012 21:18:38] Top of notify.php
[06-Mar-2012 21:18:39] GOOD: Invoice: 1981
[07-Mar-2012 11:38:28] Top of notify.php
[07-Mar-2012 11:38:30] GOOD: Invoice: 1993
[07-Mar-2012 16:53:18] Top of notify.php
[07-Mar-2012 16:53:20] GOOD: Invoice: 1996
[07-Mar-2012 17:18:03] Top of notify.php
[07-Mar-2012 17:18:04] GOOD: Invoice: 1997
[07-Mar-2012 20:29:16] Top of notify.php
[07-Mar-2012 20:29:18] GOOD: Invoice: 1998
[07-Mar-2012 21:34:42] Top of notify.php
[07-Mar-2012 21:34:43] GOOD: Invoice: 1999
[08-Mar-2012 08:50:01] Top of notify.php
[08-Mar-2012 08:50:02] GOOD: Invoice: 2001
[08-Mar-2012 16:29:16] Top of notify.php
[08-Mar-2012 16:29:17] GOOD: Invoice: 2004
[08-Mar-2012 22:43:29] Top of notify.php
[08-Mar-2012 22:43:31] GOOD: Invoice: 2005
[09-Mar-2012 09:29:00] Top of notify.php
[09-Mar-2012 09:29:02] GOOD: Invoice: 2007
[09-Mar-2012 09:44:22] Top of notify.php
[09-Mar-2012 09:44:24] GOOD: Invoice: 2008
[09-Mar-2012 11:43:19] Top of notify.php
[09-Mar-2012 11:43:20] GOOD: Invoice: 2010
[09-Mar-2012 11:55:03] Top of notify.php
[09-Mar-2012 11:55:06] GOOD: Invoice: 2011
[09-Mar-2012 12:37:55] Top of notify.php
[09-Mar-2012 12:37:57] GOOD: Invoice: 2013
[09-Mar-2012 14:23:17] Top of notify.php
[09-Mar-2012 14:23:18] GOOD: Invoice: 2014
[10-Mar-2012 09:36:40] Top of notify.php
[10-Mar-2012 09:36:42] GOOD: Invoice: 2015
[10-Mar-2012 10:37:39] Top of notify.php
[10-Mar-2012 10:37:41] GOOD: Invoice: 2016
[10-Mar-2012 14:13:57] Top of notify.php
[10-Mar-2012 14:13:58] GOOD: Invoice: 2018
[10-Mar-2012 17:46:52] Top of notify.php
[10-Mar-2012 17:46:54] GOOD: Invoice: 2019
[10-Mar-2012 20:54:06] Top of notify.php
[10-Mar-2012 20:54:08] GOOD: Invoice: 2022
[11-Mar-2012 08:06:55] Top of notify.php
[11-Mar-2012 08:07:01] GOOD: Invoice: 
[11-Mar-2012 14:38:58] Top of notify.php
[11-Mar-2012 14:38:59] GOOD: Invoice: 2023
[11-Mar-2012 14:57:41] Top of notify.php
[11-Mar-2012 14:57:42] GOOD: Invoice: 2024
[11-Mar-2012 16:08:27] Top of notify.php
[11-Mar-2012 16:08:30] GOOD: Invoice: 2025
[11-Mar-2012 17:52:28] Top of notify.php
[11-Mar-2012 17:52:29] GOOD: Invoice: 2026
[12-Mar-2012 11:29:24] Top of notify.php
[12-Mar-2012 11:29:31] GOOD: Invoice: 2027
[12-Mar-2012 17:57:43] Top of notify.php
[12-Mar-2012 17:58:19] GOOD: Invoice: 2032
[12-Mar-2012 18:10:14] Top of notify.php
[12-Mar-2012 18:10:49] GOOD: Invoice: 2033
[13-Mar-2012 09:35:31] Top of notify.php
[13-Mar-2012 09:36:33] Top of notify.php
[13-Mar-2012 09:36:47] GOOD: Invoice: 2059
[13-Mar-2012 09:37:04] GOOD: Invoice: 2059
[13-Mar-2012 15:10:19] Top of notify.php
[13-Mar-2012 15:10:51] GOOD: Invoice: 2060
[13-Mar-2012 18:19:49] Top of notify.php
[13-Mar-2012 18:20:20] GOOD: Invoice: 2062
[14-Mar-2012 09:13:01] Top of notify.php
[14-Mar-2012 09:13:42] Top of notify.php
[14-Mar-2012 09:14:33] Problem Finding Record: Invoice: 2025: Communication Error: (6) Couldn't resolve host '23.fmgateway.com'
[14-Mar-2012 09:14:37] Couldn't resolve host 'www.paypal.com'
[14-Mar-2012 09:14:37] VALIDATION FAILED: Invoice: 2025
[14-Mar-2012 09:15:00] Top of notify.php
[14-Mar-2012 09:16:06] GOOD: Invoice: 2025
[14-Mar-2012 09:16:41] Top of notify.php
[14-Mar-2012 09:17:12] GOOD: Invoice: 2025
[14-Mar-2012 11:16:42] Top of notify.php
[14-Mar-2012 11:17:14] GOOD: Invoice: 2065
[14-Mar-2012 14:44:11] Top of notify.php
[14-Mar-2012 14:44:43] GOOD: Invoice: 1902
[14-Mar-2012 19:35:04] Top of notify.php
[14-Mar-2012 19:35:37] GOOD: Invoice: 2066
[14-Mar-2012 21:30:34] Top of notify.php
[14-Mar-2012 21:31:05] GOOD: Invoice: 2068
[15-Mar-2012 06:12:03] Top of notify.php
[15-Mar-2012 06:12:16] Top of notify.php
[15-Mar-2012 06:13:02] GOOD: Invoice: 
[15-Mar-2012 06:13:02] GOOD: Invoice: 
[15-Mar-2012 06:13:30] Top of notify.php
[15-Mar-2012 06:14:05] GOOD: Invoice: 
[15-Mar-2012 10:31:57] Top of notify.php
[15-Mar-2012 10:32:28] GOOD: Invoice: 2069
[15-Mar-2012 11:04:41] Top of notify.php
[15-Mar-2012 11:05:26] GOOD: Invoice: 2070
[15-Mar-2012 11:10:51] Top of notify.php
[15-Mar-2012 11:11:25] GOOD: Invoice: 2033
[15-Mar-2012 15:24:50] Top of notify.php
[15-Mar-2012 15:25:22] GOOD: Invoice: 2071
[15-Mar-2012 15:42:20] Top of notify.php
[15-Mar-2012 15:42:53] GOOD: Invoice: 2072
[15-Mar-2012 18:06:38] Top of notify.php
[15-Mar-2012 18:07:09] GOOD: Invoice: 2075
[15-Mar-2012 19:59:01] Top of notify.php
[15-Mar-2012 19:59:34] GOOD: Invoice: 2076
[15-Mar-2012 21:50:30] Top of notify.php
[15-Mar-2012 21:51:02] GOOD: Invoice: 2077
[16-Mar-2012 10:06:03] Top of notify.php
[16-Mar-2012 10:06:45] GOOD: Invoice: 
[16-Mar-2012 22:11:02] Top of notify.php
[16-Mar-2012 22:11:02] Top of notify.php
[16-Mar-2012 22:11:43] GOOD: Invoice: 
[16-Mar-2012 22:11:43] GOOD: Invoice: 
[16-Mar-2012 22:12:11] Top of notify.php
[16-Mar-2012 22:12:46] GOOD: Invoice: 
[17-Mar-2012 14:46:34] Top of notify.php
[17-Mar-2012 14:47:07] GOOD: Invoice: 2079
[17-Mar-2012 19:30:38] Top of notify.php
[17-Mar-2012 19:31:14] GOOD: Invoice: 2080
[18-Mar-2012 07:17:32] Top of notify.php
[18-Mar-2012 07:18:04] GOOD: Invoice: 2082
[18-Mar-2012 13:16:56] Top of notify.php
[18-Mar-2012 13:17:29] GOOD: Invoice: 2086
[18-Mar-2012 15:05:19] Top of notify.php
[18-Mar-2012 15:05:51] GOOD: Invoice: 2089
[18-Mar-2012 17:52:41] Top of notify.php
[18-Mar-2012 17:53:15] GOOD: Invoice: 2090
[18-Mar-2012 19:13:34] Top of notify.php
[18-Mar-2012 19:14:08] GOOD: Invoice: 2091
[18-Mar-2012 22:01:20] Top of notify.php
[18-Mar-2012 22:01:55] GOOD: Invoice: 
[18-Mar-2012 23:57:55] Top of notify.php
[18-Mar-2012 23:58:26] GOOD: Invoice: 2095
[19-Mar-2012 07:46:02] Top of notify.php
[19-Mar-2012 07:46:36] GOOD: Invoice: 2097
[19-Mar-2012 09:14:41] Top of notify.php
[19-Mar-2012 09:15:13] GOOD: Invoice: 2098
[19-Mar-2012 11:30:26] Top of notify.php
[19-Mar-2012 11:30:59] GOOD: Invoice: 2099
[19-Mar-2012 16:20:57] Top of notify.php
[19-Mar-2012 16:21:29] GOOD: Invoice: 2104
[19-Mar-2012 22:11:15] Top of notify.php
[19-Mar-2012 22:11:54] GOOD: Invoice: 2109
[20-Mar-2012 09:42:53] Top of notify.php
[20-Mar-2012 09:43:25] GOOD: Invoice: 2113
[20-Mar-2012 11:59:09] Top of notify.php
[20-Mar-2012 11:59:40] GOOD: Invoice: 2114
[20-Mar-2012 17:16:14] Top of notify.php
[20-Mar-2012 17:16:46] GOOD: Invoice: 2116
[20-Mar-2012 19:42:51] Top of notify.php
[20-Mar-2012 19:43:26] GOOD: Invoice: 
[21-Mar-2012 10:24:28] Top of notify.php
[21-Mar-2012 10:25:01] GOOD: Invoice: 2118
[21-Mar-2012 10:27:27] Top of notify.php
[21-Mar-2012 10:27:58] GOOD: Invoice: 2119
[21-Mar-2012 11:29:44] Top of notify.php
[21-Mar-2012 11:30:15] GOOD: Invoice: 2122
[21-Mar-2012 18:31:39] Top of notify.php
[21-Mar-2012 18:32:10] GOOD: Invoice: 2123
[21-Mar-2012 23:48:59] Top of notify.php
[21-Mar-2012 23:49:35] GOOD: Invoice: 2126
[22-Mar-2012 11:50:06] Top of notify.php
[22-Mar-2012 11:50:07] GOOD: Invoice: 2127
[22-Mar-2012 13:27:56] Top of notify.php
[22-Mar-2012 13:27:57] GOOD: Invoice: 2071
[22-Mar-2012 13:32:55] Top of notify.php
[22-Mar-2012 13:32:57] GOOD: Invoice: 1943
[22-Mar-2012 14:03:44] Top of notify.php
[22-Mar-2012 14:03:50] GOOD: Invoice: 
[22-Mar-2012 15:11:29] Top of notify.php
[22-Mar-2012 15:11:30] GOOD: Invoice: 2128
[22-Mar-2012 16:10:37] Top of notify.php
[22-Mar-2012 16:10:38] GOOD: Invoice: 2130
[23-Mar-2012 15:13:57] Top of notify.php
[23-Mar-2012 15:14:02] GOOD: Invoice: 
[23-Mar-2012 21:12:36] Top of notify.php
[23-Mar-2012 21:12:38] GOOD: Invoice: 2089
[24-Mar-2012 07:37:41] Top of notify.php
[24-Mar-2012 07:37:42] GOOD: Invoice: 2132
[24-Mar-2012 15:29:06] Top of notify.php
[24-Mar-2012 15:29:11] GOOD: Invoice: 
[24-Mar-2012 19:09:19] Top of notify.php
[24-Mar-2012 19:09:20] GOOD: Invoice: 2133
[24-Mar-2012 21:23:52] Top of notify.php
[24-Mar-2012 21:23:53] GOOD: Invoice: 2134
[26-Mar-2012 11:20:48] Top of notify.php
[26-Mar-2012 11:20:50] GOOD: Invoice: 2136
[26-Mar-2012 12:23:06] Top of notify.php
[26-Mar-2012 12:23:07] GOOD: Invoice: 2138
[26-Mar-2012 15:30:48] Top of notify.php
[26-Mar-2012 15:30:50] GOOD: Invoice: 2140
[26-Mar-2012 21:10:59] Top of notify.php
[26-Mar-2012 21:11:01] GOOD: Invoice: 2141
[27-Mar-2012 14:01:26] Top of notify.php
[27-Mar-2012 14:01:28] GOOD: Invoice: 2143
[27-Mar-2012 14:41:49] Top of notify.php
[27-Mar-2012 14:41:50] GOOD: Invoice: 2144
[27-Mar-2012 16:37:38] Top of notify.php
[27-Mar-2012 16:37:39] GOOD: Invoice: 2145
[27-Mar-2012 17:07:40] Top of notify.php
[27-Mar-2012 17:07:42] GOOD: Invoice: 2146
[27-Mar-2012 22:43:25] Top of notify.php
[27-Mar-2012 22:43:27] GOOD: Invoice: 1987
[28-Mar-2012 09:14:53] Top of notify.php
[28-Mar-2012 09:14:55] GOOD: Invoice: 2147
[28-Mar-2012 13:28:52] Top of notify.php
[28-Mar-2012 13:28:53] GOOD: Invoice: 2148
[28-Mar-2012 16:35:49] Top of notify.php
[28-Mar-2012 16:35:51] GOOD: Invoice: 2150
[28-Mar-2012 17:57:13] Top of notify.php
[28-Mar-2012 17:57:15] GOOD: Invoice: 2151
[28-Mar-2012 18:56:09] Top of notify.php
[28-Mar-2012 18:56:10] GOOD: Invoice: 2152
[28-Mar-2012 19:15:48] Top of notify.php
[28-Mar-2012 19:15:50] GOOD: Invoice: 2153
[29-Mar-2012 08:41:22] Top of notify.php
[29-Mar-2012 08:41:23] GOOD: Invoice: 2154
[29-Mar-2012 10:48:21] Top of notify.php
[29-Mar-2012 10:48:22] GOOD: Invoice: 2155
[29-Mar-2012 12:58:43] Top of notify.php
[29-Mar-2012 12:58:44] GOOD: Invoice: 2156
[29-Mar-2012 16:49:01] Top of notify.php
[29-Mar-2012 16:49:02] GOOD: Invoice: 2158
[30-Mar-2012 16:27:38] Top of notify.php
[30-Mar-2012 16:27:39] GOOD: Invoice: 2159
[30-Mar-2012 19:31:27] Top of notify.php
[30-Mar-2012 19:31:28] GOOD: Invoice: 2160
[02-Apr-2012 01:16:38] Top of notify.php
[02-Apr-2012 01:16:40] GOOD: Invoice: 2162
[02-Apr-2012 22:26:25] Top of notify.php
[02-Apr-2012 22:26:26] GOOD: Invoice: 2163
[02-Apr-2012 22:44:33] Top of notify.php
[02-Apr-2012 22:44:34] GOOD: Invoice: 2164
[03-Apr-2012 07:38:20] Top of notify.php
[03-Apr-2012 07:38:25] GOOD: Invoice: 
[03-Apr-2012 11:01:48] Top of notify.php
[03-Apr-2012 11:01:54] GOOD: Invoice: 
[04-Apr-2012 10:18:34] Top of notify.php
[04-Apr-2012 10:18:34] Top of notify.php
[04-Apr-2012 10:19:26] GOOD: Invoice: 
[04-Apr-2012 10:19:26] GOOD: Invoice: 
[04-Apr-2012 10:19:37] Top of notify.php
[04-Apr-2012 10:19:42] GOOD: Invoice: 
[04-Apr-2012 17:22:33] Top of notify.php
[04-Apr-2012 17:22:34] GOOD: Invoice: 2166
[04-Apr-2012 19:04:40] Top of notify.php
[04-Apr-2012 19:04:41] GOOD: Invoice: 2168
[06-Apr-2012 14:08:47] Top of notify.php
[06-Apr-2012 14:08:48] GOOD: Invoice: 2169
[09-Apr-2012 09:17:54] Top of notify.php
[09-Apr-2012 09:18:00] GOOD: Invoice: 
[09-Apr-2012 11:34:12] Top of notify.php
[09-Apr-2012 11:34:13] GOOD: Invoice: 2171
[09-Apr-2012 16:14:01] Top of notify.php
[09-Apr-2012 16:14:03] GOOD: Invoice: 2172
[09-Apr-2012 23:35:10] Top of notify.php
[09-Apr-2012 23:35:12] GOOD: Invoice: 2176
[10-Apr-2012 17:21:48] Top of notify.php
[10-Apr-2012 17:21:49] GOOD: Invoice: 2178
[11-Apr-2012 23:08:50] Top of notify.php
[11-Apr-2012 23:09:03] GOOD: Invoice: 1880
[11-Apr-2012 23:09:44] Top of notify.php
[11-Apr-2012 23:09:45] GOOD: Invoice: 1880
[11-Apr-2012 23:18:48] Top of notify.php
[11-Apr-2012 23:18:50] GOOD: Invoice: 2180
[12-Apr-2012 09:01:29] Top of notify.php
[12-Apr-2012 09:01:31] GOOD: Invoice: 2181
[12-Apr-2012 09:30:55] Top of notify.php
[12-Apr-2012 09:30:57] GOOD: Invoice: 2182
[12-Apr-2012 23:17:05] Top of notify.php
[12-Apr-2012 23:17:11] GOOD: Invoice: 
[13-Apr-2012 11:12:13] Top of notify.php
[13-Apr-2012 11:12:19] GOOD: Invoice: 
[13-Apr-2012 12:09:03] Top of notify.php
[13-Apr-2012 12:09:05] GOOD: Invoice: 2185
[13-Apr-2012 18:42:40] Top of notify.php
[13-Apr-2012 18:42:42] GOOD: Invoice: 2109
[14-Apr-2012 08:52:10] Top of notify.php
[14-Apr-2012 08:52:16] GOOD: Invoice: 
[14-Apr-2012 12:29:29] Top of notify.php
[14-Apr-2012 12:29:30] GOOD: Invoice: 2188
[15-Apr-2012 15:24:45] Top of notify.php
[15-Apr-2012 15:24:46] GOOD: Invoice: 2191
[15-Apr-2012 15:24:59] Top of notify.php
[15-Apr-2012 15:25:00] GOOD: Invoice: 2190
[15-Apr-2012 18:37:50] Top of notify.php
[15-Apr-2012 18:37:51] GOOD: Invoice: 2192
[16-Apr-2012 11:24:44] Top of notify.php
[16-Apr-2012 11:24:45] GOOD: Invoice: 2195
[16-Apr-2012 14:16:36] Top of notify.php
[16-Apr-2012 14:16:41] GOOD: Invoice: 
[16-Apr-2012 14:17:15] Top of notify.php
[16-Apr-2012 14:17:17] GOOD: Invoice: 1998
[16-Apr-2012 16:05:41] Top of notify.php
[16-Apr-2012 16:05:42] GOOD: Invoice: 2197
[16-Apr-2012 16:07:36] Top of notify.php
[16-Apr-2012 16:07:37] GOOD: Invoice: 2198
[16-Apr-2012 19:07:49] Top of notify.php
[16-Apr-2012 19:07:50] GOOD: Invoice: 2199
[16-Apr-2012 21:44:38] Top of notify.php
[16-Apr-2012 21:44:40] GOOD: Invoice: 2200
[16-Apr-2012 22:10:15] Top of notify.php
[16-Apr-2012 22:10:17] GOOD: Invoice: 2201
[16-Apr-2012 23:13:06] Top of notify.php
[16-Apr-2012 23:13:07] GOOD: Invoice: 2202
[17-Apr-2012 13:51:18] Top of notify.php
[17-Apr-2012 13:51:20] GOOD: Invoice: 2207
[18-Apr-2012 17:10:33] Top of notify.php
[18-Apr-2012 17:10:34] GOOD: Invoice: 2208
[18-Apr-2012 18:28:24] Top of notify.php
[18-Apr-2012 18:28:25] GOOD: Invoice: 2209
[19-Apr-2012 09:55:28] Top of notify.php
[19-Apr-2012 09:55:29] GOOD: Invoice: 2210
[19-Apr-2012 13:42:57] Top of notify.php
[19-Apr-2012 13:42:58] GOOD: Invoice: 2212
[19-Apr-2012 16:45:26] Top of notify.php
[19-Apr-2012 16:45:32] GOOD: Invoice: 
[19-Apr-2012 21:10:37] Top of notify.php
[19-Apr-2012 21:10:39] GOOD: Invoice: 2216
[20-Apr-2012 09:42:53] Top of notify.php
[20-Apr-2012 09:42:55] GOOD: Invoice: 2217
[20-Apr-2012 12:09:04] Top of notify.php
[20-Apr-2012 12:09:06] GOOD: Invoice: 2219
[20-Apr-2012 14:32:12] Top of notify.php
[20-Apr-2012 14:32:13] GOOD: Invoice: 2220
[20-Apr-2012 18:56:39] Top of notify.php
[20-Apr-2012 18:56:40] GOOD: Invoice: 2222
[20-Apr-2012 19:17:41] Top of notify.php
[20-Apr-2012 19:17:43] GOOD: Invoice: 2223
[20-Apr-2012 19:33:15] Top of notify.php
[20-Apr-2012 19:33:16] GOOD: Invoice: 2224
[20-Apr-2012 19:47:38] Top of notify.php
[20-Apr-2012 19:47:39] GOOD: Invoice: 2225
[20-Apr-2012 21:30:56] Top of notify.php
[20-Apr-2012 21:30:58] GOOD: Invoice: 2226
[21-Apr-2012 14:20:40] Top of notify.php
[21-Apr-2012 14:20:41] GOOD: Invoice: 2227
[21-Apr-2012 18:35:16] Top of notify.php
[21-Apr-2012 18:35:18] GOOD: Invoice: 2229
[21-Apr-2012 20:41:08] Top of notify.php
[21-Apr-2012 20:41:10] GOOD: Invoice: 2230
[21-Apr-2012 21:29:47] Top of notify.php
[21-Apr-2012 21:29:48] GOOD: Invoice: 2231
[22-Apr-2012 11:04:09] Top of notify.php
[22-Apr-2012 11:04:15] GOOD: Invoice: 
[22-Apr-2012 20:34:23] Top of notify.php
[22-Apr-2012 20:34:29] GOOD: Invoice: 
[24-Apr-2012 15:07:49] Top of notify.php
[24-Apr-2012 15:07:55] GOOD: Invoice: 
[24-Apr-2012 21:20:00] Top of notify.php
[24-Apr-2012 21:20:02] GOOD: Invoice: 2235
[24-Apr-2012 22:04:16] Top of notify.php
[24-Apr-2012 22:04:22] GOOD: Invoice: 
[25-Apr-2012 07:35:55] Top of notify.php
[25-Apr-2012 07:35:55] SECURITY ERROR: RECEIVER EMAILS DO NOT MATCH:
[25-Apr-2012 07:36:06] Top of notify.php
[25-Apr-2012 07:36:08] GOOD: Invoice: 1880
[25-Apr-2012 14:06:30] Top of notify.php
[25-Apr-2012 14:06:36] GOOD: Invoice: 
[26-Apr-2012 09:22:43] Top of notify.php
[26-Apr-2012 09:22:44] GOOD: Invoice: 2238
[26-Apr-2012 22:15:14] Top of notify.php
[26-Apr-2012 22:15:16] GOOD: Invoice: 2239
[27-Apr-2012 08:35:34] Top of notify.php
[27-Apr-2012 08:35:36] GOOD: Invoice: 2116
[27-Apr-2012 13:24:18] Top of notify.php
[27-Apr-2012 13:24:24] GOOD: Invoice: 
[27-Apr-2012 13:51:32] Top of notify.php
[27-Apr-2012 13:51:37] GOOD: Invoice: 
[27-Apr-2012 16:33:30] Top of notify.php
[27-Apr-2012 16:33:31] GOOD: Invoice: 2240
[27-Apr-2012 22:22:18] Top of notify.php
[27-Apr-2012 22:22:19] GOOD: Invoice: 2241
[29-Apr-2012 10:00:00] Top of notify.php
[29-Apr-2012 10:00:02] GOOD: Invoice: 2032
[29-Apr-2012 10:05:29] Top of notify.php
[29-Apr-2012 10:05:30] GOOD: Invoice: 2242
[29-Apr-2012 15:40:42] Top of notify.php
[29-Apr-2012 15:40:48] GOOD: Invoice: 
[29-Apr-2012 21:08:13] Top of notify.php
[29-Apr-2012 21:08:14] GOOD: Invoice: 2244
[30-Apr-2012 13:33:07] Top of notify.php
[30-Apr-2012 13:33:18] GOOD: Invoice: 
[30-Apr-2012 21:41:28] Top of notify.php
[30-Apr-2012 21:41:34] GOOD: Invoice: 
[01-May-2012 18:25:54] Top of notify.php
[01-May-2012 18:26:00] GOOD: Invoice: 
[02-May-2012 17:00:47] Top of notify.php
[02-May-2012 17:00:48] GOOD: Invoice: 2250
[04-May-2012 19:03:52] Top of notify.php
[04-May-2012 19:03:54] GOOD: Invoice: 2251
[07-May-2012 12:38:34] Top of notify.php
[07-May-2012 12:38:40] GOOD: Invoice: 
[10-May-2012 11:12:45] Top of notify.php
[10-May-2012 11:12:47] GOOD: Invoice: 2255
[10-May-2012 22:19:13] Top of notify.php
[10-May-2012 22:19:15] GOOD: Invoice: 2258
[10-May-2012 22:30:14] Top of notify.php
[10-May-2012 22:30:15] GOOD: Invoice: 2259
[11-May-2012 20:01:43] Top of notify.php
[11-May-2012 20:01:49] GOOD: Invoice: 
[12-May-2012 08:58:44] Top of notify.php
[12-May-2012 08:58:52] GOOD: Invoice: 
[12-May-2012 19:21:00] Top of notify.php
[12-May-2012 19:21:02] GOOD: Invoice: 2260
[14-May-2012 09:59:43] Top of notify.php
[14-May-2012 09:59:44] GOOD: Invoice: 2261
[14-May-2012 10:13:06] Top of notify.php
[14-May-2012 10:13:07] GOOD: Invoice: 2262
[15-May-2012 20:24:27] Top of notify.php
[15-May-2012 20:24:34] GOOD: Invoice: 
[16-May-2012 13:58:20] Top of notify.php
[16-May-2012 13:58:22] GOOD: Invoice: 2263
[21-May-2012 12:48:45] Top of notify.php
[21-May-2012 12:48:52] GOOD: Invoice: 
[21-May-2012 15:54:52] Top of notify.php
[21-May-2012 15:54:58] GOOD: Invoice: 
[23-May-2012 22:38:12] Top of notify.php
[23-May-2012 22:38:14] GOOD: Invoice: 2264
[23-May-2012 22:52:16] Top of notify.php
[23-May-2012 22:52:17] GOOD: Invoice: 2265
[24-May-2012 22:46:07] Top of notify.php
[24-May-2012 22:46:09] GOOD: Invoice: 2264
[25-May-2012 09:23:19] Top of notify.php
[25-May-2012 09:23:20] GOOD: Invoice: 2264
[27-May-2012 22:08:34] Top of notify.php
[27-May-2012 22:08:36] GOOD: Invoice: 2267
[29-May-2012 22:26:36] Top of notify.php
[29-May-2012 22:26:38] GOOD: Invoice: 2268
[31-May-2012 12:24:08] Top of notify.php
[31-May-2012 12:24:14] GOOD: Invoice: 
[03-Jun-2012 20:36:12] Top of notify.php
[03-Jun-2012 20:36:13] GOOD: Invoice: 2269
[06-Jun-2012 22:08:27] Top of notify.php
[06-Jun-2012 22:08:29] GOOD: Invoice: 2272
[08-Jun-2012 15:09:00] Top of notify.php
[08-Jun-2012 15:09:06] GOOD: Invoice: 
[18-Jun-2012 17:13:10] Top of notify.php
[18-Jun-2012 17:13:15] GOOD: Invoice: 
[20-Jun-2012 08:27:48] Top of notify.php
[20-Jun-2012 08:27:50] GOOD: Invoice: 2273
[20-Jun-2012 18:15:23] Top of notify.php
[20-Jun-2012 18:15:24] GOOD: Invoice: 2274
[21-Jun-2012 19:31:30] Top of notify.php
[21-Jun-2012 19:31:36] GOOD: Invoice: 
[22-Jun-2012 10:08:54] Top of notify.php
[22-Jun-2012 10:09:01] GOOD: Invoice: 
[22-Jun-2012 11:01:47] Top of notify.php
[22-Jun-2012 11:01:53] GOOD: Invoice: 
[26-Jun-2012 13:22:54] Top of notify.php
[26-Jun-2012 13:22:56] GOOD: Invoice: 2276
[27-Jun-2012 10:59:15] Top of notify.php
[27-Jun-2012 10:59:21] GOOD: Invoice: 
[05-Jul-2012 09:20:08] Top of notify.php
[05-Jul-2012 09:20:16] GOOD: Invoice: 
[07-Jul-2012 21:34:24] Top of notify.php
[07-Jul-2012 21:34:26] GOOD: Invoice: 2280
[08-Jul-2012 18:59:16] Top of notify.php
[08-Jul-2012 18:59:22] GOOD: Invoice: 
[08-Jul-2012 20:31:35] Top of notify.php
[08-Jul-2012 20:31:41] GOOD: Invoice: 
[09-Jul-2012 08:43:11] Top of notify.php
[09-Jul-2012 08:43:17] GOOD: Invoice: 
[17-Aug-2012 12:06:05] Top of notify.php
[17-Aug-2012 12:06:11] GOOD: Invoice: 
[21-Aug-2012 09:20:25] Top of notify.php
[21-Aug-2012 09:20:32] GOOD: Invoice: 
[26-Oct-2012 10:48:50] Top of notify.php
[26-Oct-2012 10:48:58] GOOD: Invoice: 
[29-Oct-2012 09:08:23] Top of notify.php
[29-Oct-2012 09:08:30] GOOD: Invoice: 
[23-Feb-2013 04:54:38 America/Los_Angeles] Top of notify.php
[23-Feb-2013 04:54:38 America/Los_Angeles] SECURITY ERROR: RECEIVER EMAILS DO NOT MATCH:hanzel_1297112916_biz@amantessoftware.com
[23-Feb-2013 12:11:37 America/Los_Angeles] Top of notify.php
[23-Feb-2013 12:11:39 America/Los_Angeles] GOOD: Invoice: 610
